<html>
<head>
<title>TestNG:  Default test</title>
<link href="../testng.css" rel="stylesheet" type="text/css" />
<link href="../my-testng.css" rel="stylesheet" type="text/css" />

<style type="text/css">
.log { display: none;} 
.stack-trace { display: none;} 
</style>
<script type="text/javascript">
<!--
function flip(e) {
  current = e.style.display;
  if (current == 'block') {
    e.style.display = 'none';
    return 0;
  }
  else {
    e.style.display = 'block';
    return 1;
  }
}

function toggleBox(szDivId, elem, msg1, msg2)
{
  var res = -1;  if (document.getElementById) {
    res = flip(document.getElementById(szDivId));
  }
  else if (document.all) {
    // this is the way old msie versions work
    res = flip(document.all[szDivId]);
  }
  if(elem) {
    if(res == 0) elem.innerHTML = msg1; else elem.innerHTML = msg2;
  }

}

function toggleAllBoxes() {
  if (document.getElementsByTagName) {
    d = document.getElementsByTagName('div');
    for (i = 0; i < d.length; i++) {
      if (d[i].className == 'log') {
        flip(d[i]);
      }
    }
  }
}

// -->
</script>

</head>
<body>
<h2 align='center'>Default test</h2><table border='1' align="center">
<tr>
<td>Tests passed/Failed/Skipped:</td><td>0/1/6</td>
</tr><tr>
<td>Started on:</td><td>Tue Feb 06 18:28:58 EST 2024</td>
</tr>
<tr><td>Total time:</td><td>14 seconds (14568 ms)</td>
</tr><tr>
<td>Included groups:</td><td></td>
</tr><tr>
<td>Excluded groups:</td><td></td>
</tr>
</table><p/>
<small><i>(Hover the method name to see the test class name)</i></small><p/>
<table width='100%' border='1' class='invocation-failed'>
<tr><td colspan='4' align='center'><b>FAILED CONFIGURATIONS</b></td></tr>
<tr><td><b>Test method</b></td>
<td><b>Attribute(s)</b></td>
<td width="30%"><b>Exception</b></td>
<td width="10%"><b>Time (seconds)</b></td>
<td><b>Instance</b></td>
</tr>
<tr>
<td title='com.tutorialninjas.qa.TestCases.LoginTest.tearDown()'><b>tearDown</b><br>Test class: com.tutorialninjas.qa.TestCases.LoginTest</td>
<td><div><pre>org.openqa.selenium.WebDriverException: java.io.IOException: Output closed
Build info: version: &apos;4.16.1&apos;, revision: &apos;9b4c83354e&apos;
System info: os.name: &apos;Windows 11&apos;, os.arch: &apos;amd64&apos;, os.version: &apos;10.0&apos;, java.version: &apos;17.0.7&apos;
Driver info: driver.version: ChromiumDriver
	at org.openqa.selenium.remote.http.jdk.JdkHttpClient$5.send(JdkHttpClient.java:304)
	at org.openqa.selenium.remote.http.jdk.JdkHttpClient$5.close(JdkHttpClient.java:323)
	at org.openqa.selenium.devtools.Connection.close(Connection.java:224)
	at org.openqa.selenium.devtools.DevTools.close(DevTools.java:60)
	at java.base/java.util.Optional.ifPresent(Optional.java:178)
	at org.openqa.selenium.remote.RemoteWebDriver.quit(RemoteWebDriver.java:431)
	at org.openqa.selenium.chromium.ChromiumDriver.quit(ChromiumDriver.java:426)
	at com.tutorialninjas.qa.TestCases.LoginTest.tearDown(LoginTest.java:166)
	at java.base/jdk.internal.reflect.NativeMethodAccessorImpl.invoke0(Native Method)
	at java.base/jdk.internal.reflect.NativeMethodAccessorImpl.invoke(NativeMethodAccessorImpl.java:77)
	at java.base/jdk.internal.reflect.DelegatingMethodAccessorImpl.invoke(DelegatingMethodAccessorImpl.java:43)
	at java.base/java.lang.reflect.Method.invoke(Method.java:568)
	at org.testng.internal.invokers.MethodInvocationHelper.invokeMethod(MethodInvocationHelper.java:139)
	at org.testng.internal.invokers.MethodInvocationHelper.invokeMethodConsideringTimeout(MethodInvocationHelper.java:69)
	at org.testng.internal.invokers.ConfigInvoker.invokeConfigurationMethod(ConfigInvoker.java:393)
	at org.testng.internal.invokers.ConfigInvoker.invokeConfigurations(ConfigInvoker.java:326)
	at org.testng.internal.invokers.TestInvoker.runConfigMethods(TestInvoker.java:810)
	at org.testng.internal.invokers.TestInvoker.runAfterConfigurations(TestInvoker.java:779)
	at org.testng.internal.invokers.TestInvoker.invokeMethod(TestInvoker.java:755)
	at org.testng.internal.invokers.TestInvoker.invokeTestMethod(TestInvoker.java:228)
	at org.testng.internal.invokers.MethodRunner.runInSequence(MethodRunner.java:63)
	at org.testng.internal.invokers.TestInvoker$MethodInvocationAgent.invoke(TestInvoker.java:961)
	at org.testng.internal.invokers.TestInvoker.invokeTestMethods(TestInvoker.java:201)
	at org.testng.internal.invokers.TestMethodWorker.invokeTestMethods(TestMethodWorker.java:148)
	at org.testng.internal.invokers.TestMethodWorker.run(TestMethodWorker.java:128)
	at java.base/java.util.ArrayList.forEach(ArrayList.java:1511)
	at org.testng.TestRunner.privateRun(TestRunner.java:819)
	at org.testng.TestRunner.run(TestRunner.java:619)
	at org.testng.SuiteRunner.runTest(SuiteRunner.java:443)
	at org.testng.SuiteRunner.runSequentially(SuiteRunner.java:437)
	at org.testng.SuiteRunner.privateRun(SuiteRunner.java:397)
	at org.testng.SuiteRunner.run(SuiteRunner.java:336)
	at org.testng.SuiteRunnerWorker.runSuite(SuiteRunnerWorker.java:52)
	at org.testng.SuiteRunnerWorker.run(SuiteRunnerWorker.java:95)
	at org.testng.TestNG.runSuitesSequentially(TestNG.java:1301)
	at org.testng.TestNG.runSuitesLocally(TestNG.java:1228)
	at org.testng.TestNG.runSuites(TestNG.java:1134)
	at org.testng.TestNG.run(TestNG.java:1101)
	at org.testng.remote.AbstractRemoteTestNG.run(AbstractRemoteTestNG.java:115)
	at org.testng.remote.RemoteTestNG.initAndRun(RemoteTestNG.java:251)
	at org.testng.remote.RemoteTestNG.main(RemoteTestNG.java:77)
Caused by: java.io.IOException: Output closed
	at java.net.http/jdk.internal.net.http.websocket.MessageEncoder.encodeClose(MessageEncoder.java:330)
	at java.net.http/jdk.internal.net.http.websocket.TransportImpl$SendTask$1.onClose(TransportImpl.java:416)
	at java.net.http/jdk.internal.net.http.websocket.TransportImpl$SendTask$1.onClose(TransportImpl.java:361)
	at java.net.http/jdk.internal.net.http.websocket.MessageQueue.peek(MessageQueue.java:266)
	at java.net.http/jdk.internal.net.http.websocket.TransportImpl$SendTask.run(TransportImpl.java:549)
	at java.net.http/jdk.internal.net.http.common.SequentialScheduler$CompleteRestartableTask.run(SequentialScheduler.java:149)
	at java.net.http/jdk.internal.net.http.common.SequentialScheduler$TryEndDeferredCompleter.complete(SequentialScheduler.java:347)
	at java.net.http/jdk.internal.net.http.common.SequentialScheduler$CompleteRestartableTask.run(SequentialScheduler.java:151)
	at java.net.http/jdk.internal.net.http.common.SequentialScheduler$SchedulableTask.run(SequentialScheduler.java:230)
	at java.net.http/jdk.internal.net.http.common.SequentialScheduler.runOrSchedule(SequentialScheduler.java:303)
	at java.net.http/jdk.internal.net.http.common.SequentialScheduler.runOrSchedule(SequentialScheduler.java:256)
	at java.net.http/jdk.internal.net.http.websocket.TransportImpl.sendClose(TransportImpl.java:271)
	at java.net.http/jdk.internal.net.http.websocket.WebSocketImpl.sendClose0(WebSocketImpl.java:345)
	at java.net.http/jdk.internal.net.http.websocket.WebSocketImpl.sendCloseSilently(WebSocketImpl.java:660)
	at java.net.http/jdk.internal.net.http.websocket.WebSocketImpl$ReceiveTask.lambda$processClose$0(WebSocketImpl.java:549)
	at java.base/java.util.concurrent.CompletableFuture.uniWhenComplete(CompletableFuture.java:863)
	at java.base/java.util.concurrent.CompletableFuture.uniWhenCompleteStage(CompletableFuture.java:887)
	at java.base/java.util.concurrent.CompletableFuture.whenComplete(CompletableFuture.java:2325)
	at java.base/java.util.concurrent.CompletableFuture.whenComplete(CompletableFuture.java:144)
	at java.net.http/jdk.internal.net.http.websocket.WebSocketImpl$ReceiveTask.processClose(WebSocketImpl.java:544)
	at java.net.http/jdk.internal.net.http.websocket.WebSocketImpl$ReceiveTask.run(WebSocketImpl.java:459)
	at java.net.http/jdk.internal.net.http.common.SequentialScheduler$CompleteRestartableTask.run(SequentialScheduler.java:149)
	at java.net.http/jdk.internal.net.http.common.SequentialScheduler$SchedulableTask.run(SequentialScheduler.java:230)
	at java.base/java.util.concurrent.ThreadPoolExecutor.runWorker(ThreadPoolExecutor.java:1136)
	at java.base/java.util.concurrent.ThreadPoolExecutor$Worker.run(ThreadPoolExecutor.java:635)
	at java.base/java.lang.Thread.run(Thread.java:833)
</pre></div><a href='#' onClick='toggleBox("stack-trace765420745", this, "Click to show all stack frames", "Click to hide stack frames")'>Click to show all stack frames</a>
<div class='stack-trace' id='stack-trace765420745'><pre>org.openqa.selenium.WebDriverException: java.io.IOException: Output closed
Build info: version: &apos;4.16.1&apos;, revision: &apos;9b4c83354e&apos;
System info: os.name: &apos;Windows 11&apos;, os.arch: &apos;amd64&apos;, os.version: &apos;10.0&apos;, java.version: &apos;17.0.7&apos;
Driver info: driver.version: ChromiumDriver
	at org.openqa.selenium.remote.http.jdk.JdkHttpClient$5.send(JdkHttpClient.java:304)
	at org.openqa.selenium.remote.http.jdk.JdkHttpClient$5.close(JdkHttpClient.java:323)
	at org.openqa.selenium.devtools.Connection.close(Connection.java:224)
	at org.openqa.selenium.devtools.DevTools.close(DevTools.java:60)
	at java.base/java.util.Optional.ifPresent(Optional.java:178)
	at org.openqa.selenium.remote.RemoteWebDriver.quit(RemoteWebDriver.java:431)
	at org.openqa.selenium.chromium.ChromiumDriver.quit(ChromiumDriver.java:426)
	at com.tutorialninjas.qa.TestCases.LoginTest.tearDown(LoginTest.java:166)
	at java.base/jdk.internal.reflect.NativeMethodAccessorImpl.invoke0(Native Method)
	at java.base/jdk.internal.reflect.NativeMethodAccessorImpl.invoke(NativeMethodAccessorImpl.java:77)
	at java.base/jdk.internal.reflect.DelegatingMethodAccessorImpl.invoke(DelegatingMethodAccessorImpl.java:43)
	at java.base/java.lang.reflect.Method.invoke(Method.java:568)
	at org.testng.internal.invokers.MethodInvocationHelper.invokeMethod(MethodInvocationHelper.java:139)
	at org.testng.internal.invokers.MethodInvocationHelper.invokeMethodConsideringTimeout(MethodInvocationHelper.java:69)
	at org.testng.internal.invokers.ConfigInvoker.invokeConfigurationMethod(ConfigInvoker.java:393)
	at org.testng.internal.invokers.ConfigInvoker.invokeConfigurations(ConfigInvoker.java:326)
	at org.testng.internal.invokers.TestInvoker.runConfigMethods(TestInvoker.java:810)
	at org.testng.internal.invokers.TestInvoker.runAfterConfigurations(TestInvoker.java:779)
	at org.testng.internal.invokers.TestInvoker.invokeMethod(TestInvoker.java:755)
	at org.testng.internal.invokers.TestInvoker.invokeTestMethod(TestInvoker.java:228)
	at org.testng.internal.invokers.MethodRunner.runInSequence(MethodRunner.java:63)
	at org.testng.internal.invokers.TestInvoker$MethodInvocationAgent.invoke(TestInvoker.java:961)
	at org.testng.internal.invokers.TestInvoker.invokeTestMethods(TestInvoker.java:201)
	at org.testng.internal.invokers.TestMethodWorker.invokeTestMethods(TestMethodWorker.java:148)
	at org.testng.internal.invokers.TestMethodWorker.run(TestMethodWorker.java:128)
	at java.base/java.util.ArrayList.forEach(ArrayList.java:1511)
	at org.testng.TestRunner.privateRun(TestRunner.java:819)
	at org.testng.TestRunner.run(TestRunner.java:619)
	at org.testng.SuiteRunner.runTest(SuiteRunner.java:443)
	at org.testng.SuiteRunner.runSequentially(SuiteRunner.java:437)
	at org.testng.SuiteRunner.privateRun(SuiteRunner.java:397)
	at org.testng.SuiteRunner.run(SuiteRunner.java:336)
	at org.testng.SuiteRunnerWorker.runSuite(SuiteRunnerWorker.java:52)
	at org.testng.SuiteRunnerWorker.run(SuiteRunnerWorker.java:95)
	at org.testng.TestNG.runSuitesSequentially(TestNG.java:1301)
	at org.testng.TestNG.runSuitesLocally(TestNG.java:1228)
	at org.testng.TestNG.runSuites(TestNG.java:1134)
	at org.testng.TestNG.run(TestNG.java:1101)
	at org.testng.remote.AbstractRemoteTestNG.run(AbstractRemoteTestNG.java:115)
	at org.testng.remote.RemoteTestNG.initAndRun(RemoteTestNG.java:251)
	at org.testng.remote.RemoteTestNG.main(RemoteTestNG.java:77)
Caused by: java.io.IOException: Output closed
	at java.net.http/jdk.internal.net.http.websocket.MessageEncoder.encodeClose(MessageEncoder.java:330)
	at java.net.http/jdk.internal.net.http.websocket.TransportImpl$SendTask$1.onClose(TransportImpl.java:416)
	at java.net.http/jdk.internal.net.http.websocket.TransportImpl$SendTask$1.onClose(TransportImpl.java:361)
	at java.net.http/jdk.internal.net.http.websocket.MessageQueue.peek(MessageQueue.java:266)
	at java.net.http/jdk.internal.net.http.websocket.TransportImpl$SendTask.run(TransportImpl.java:549)
	at java.net.http/jdk.internal.net.http.common.SequentialScheduler$CompleteRestartableTask.run(SequentialScheduler.java:149)
	at java.net.http/jdk.internal.net.http.common.SequentialScheduler$TryEndDeferredCompleter.complete(SequentialScheduler.java:347)
	at java.net.http/jdk.internal.net.http.common.SequentialScheduler$CompleteRestartableTask.run(SequentialScheduler.java:151)
	at java.net.http/jdk.internal.net.http.common.SequentialScheduler$SchedulableTask.run(SequentialScheduler.java:230)
	at java.net.http/jdk.internal.net.http.common.SequentialScheduler.runOrSchedule(SequentialScheduler.java:303)
	at java.net.http/jdk.internal.net.http.common.SequentialScheduler.runOrSchedule(SequentialScheduler.java:256)
	at java.net.http/jdk.internal.net.http.websocket.TransportImpl.sendClose(TransportImpl.java:271)
	at java.net.http/jdk.internal.net.http.websocket.WebSocketImpl.sendClose0(WebSocketImpl.java:345)
	at java.net.http/jdk.internal.net.http.websocket.WebSocketImpl.sendCloseSilently(WebSocketImpl.java:660)
	at java.net.http/jdk.internal.net.http.websocket.WebSocketImpl$ReceiveTask.lambda$processClose$0(WebSocketImpl.java:549)
	at java.base/java.util.concurrent.CompletableFuture.uniWhenComplete(CompletableFuture.java:863)
	at java.base/java.util.concurrent.CompletableFuture.uniWhenCompleteStage(CompletableFuture.java:887)
	at java.base/java.util.concurrent.CompletableFuture.whenComplete(CompletableFuture.java:2325)
	at java.base/java.util.concurrent.CompletableFuture.whenComplete(CompletableFuture.java:144)
	at java.net.http/jdk.internal.net.http.websocket.WebSocketImpl$ReceiveTask.processClose(WebSocketImpl.java:544)
	at java.net.http/jdk.internal.net.http.websocket.WebSocketImpl$ReceiveTask.run(WebSocketImpl.java:459)
	at java.net.http/jdk.internal.net.http.common.SequentialScheduler$CompleteRestartableTask.run(SequentialScheduler.java:149)
	at java.net.http/jdk.internal.net.http.common.SequentialScheduler$SchedulableTask.run(SequentialScheduler.java:230)
	at java.base/java.util.concurrent.ThreadPoolExecutor.runWorker(ThreadPoolExecutor.java:1136)
	at java.base/java.util.concurrent.ThreadPoolExecutor$Worker.run(ThreadPoolExecutor.java:635)
	at java.base/java.lang.Thread.run(Thread.java:833)
</pre></div></td>
<td>0</td>
<td>com.tutorialninjas.qa.TestCases.LoginTest@f09733f</td></tr>
</table><p>
<table width='100%' border='1' class='invocation-skipped'>
<tr><td colspan='4' align='center'><b>SKIPPED CONFIGURATIONS</b></td></tr>
<tr><td><b>Test method</b></td>
<td><b>Attribute(s)</b></td>
<td width="30%"><b>Exception</b></td>
<td width="10%"><b>Time (seconds)</b></td>
<td><b>Instance</b></td>
</tr>
<tr>
<td title='com.tutorialninjas.qa.TestCases.LoginTest.tearDown()'><b>tearDown</b><br>Test class: com.tutorialninjas.qa.TestCases.LoginTest</td>
<td></td>
<td>0</td>
<td>com.tutorialninjas.qa.TestCases.LoginTest@f09733f</td></tr>
<tr>
<td title='com.tutorialninjas.qa.TestCases.LoginTest.setup()'><b>setup</b><br>Test class: com.tutorialninjas.qa.TestCases.LoginTest</td>
<td></td>
<td>0</td>
<td>com.tutorialninjas.qa.TestCases.LoginTest@f09733f</td></tr>
<tr>
<td title='com.tutorialninjas.qa.TestCases.LoginTest.setup()'><b>setup</b><br>Test class: com.tutorialninjas.qa.TestCases.LoginTest</td>
<td></td>
<td>0</td>
<td>com.tutorialninjas.qa.TestCases.LoginTest@f09733f</td></tr>
<tr>
<td title='com.tutorialninjas.qa.TestCases.LoginTest.setup()'><b>setup</b><br>Test class: com.tutorialninjas.qa.TestCases.LoginTest</td>
<td></td>
<td>0</td>
<td>com.tutorialninjas.qa.TestCases.LoginTest@f09733f</td></tr>
<tr>
<td title='com.tutorialninjas.qa.TestCases.LoginTest.tearDown()'><b>tearDown</b><br>Test class: com.tutorialninjas.qa.TestCases.LoginTest</td>
<td></td>
<td>0</td>
<td>com.tutorialninjas.qa.TestCases.LoginTest@f09733f</td></tr>
<tr>
<td title='com.tutorialninjas.qa.TestCases.LoginTest.tearDown()'><b>tearDown</b><br>Test class: com.tutorialninjas.qa.TestCases.LoginTest</td>
<td></td>
<td>0</td>
<td>com.tutorialninjas.qa.TestCases.LoginTest@f09733f</td></tr>
<tr>
<td title='com.tutorialninjas.qa.TestCases.LoginTest.setup()'><b>setup</b><br>Test class: com.tutorialninjas.qa.TestCases.LoginTest</td>
<td></td>
<td>0</td>
<td>com.tutorialninjas.qa.TestCases.LoginTest@f09733f</td></tr>
<tr>
<td title='com.tutorialninjas.qa.TestCases.LoginTest.tearDown()'><b>tearDown</b><br>Test class: com.tutorialninjas.qa.TestCases.LoginTest</td>
<td></td>
<td>0</td>
<td>com.tutorialninjas.qa.TestCases.LoginTest@f09733f</td></tr>
<tr>
<td title='com.tutorialninjas.qa.TestCases.LoginTest.tearDown()'><b>tearDown</b><br>Test class: com.tutorialninjas.qa.TestCases.LoginTest</td>
<td></td>
<td>0</td>
<td>com.tutorialninjas.qa.TestCases.LoginTest@f09733f</td></tr>
<tr>
<td title='com.tutorialninjas.qa.TestCases.LoginTest.setup()'><b>setup</b><br>Test class: com.tutorialninjas.qa.TestCases.LoginTest</td>
<td></td>
<td>0</td>
<td>com.tutorialninjas.qa.TestCases.LoginTest@f09733f</td></tr>
<tr>
<td title='com.tutorialninjas.qa.TestCases.LoginTest.tearDown()'><b>tearDown</b><br>Test class: com.tutorialninjas.qa.TestCases.LoginTest</td>
<td></td>
<td>0</td>
<td>com.tutorialninjas.qa.TestCases.LoginTest@f09733f</td></tr>
<tr>
<td title='com.tutorialninjas.qa.TestCases.LoginTest.setup()'><b>setup</b><br>Test class: com.tutorialninjas.qa.TestCases.LoginTest</td>
<td></td>
<td>0</td>
<td>com.tutorialninjas.qa.TestCases.LoginTest@f09733f</td></tr>
</table><p>
<table width='100%' border='1' class='invocation-failed'>
<tr><td colspan='4' align='center'><b>FAILED TESTS</b></td></tr>
<tr><td><b>Test method</b></td>
<td><b>Attribute(s)</b></td>
<td width="30%"><b>Exception</b></td>
<td width="10%"><b>Time (seconds)</b></td>
<td><b>Instance</b></td>
</tr>
<tr>
<td title='com.tutorialninjas.qa.TestCases.LoginTest.verifyLoginWithValidCredentials()'><b>verifyLoginWithValidCredentials</b><br>Test class: com.tutorialninjas.qa.TestCases.LoginTest<br>Parameters: seleniumpanda@gmail.com, Selenium@123</td>
<td><div><pre>org.openqa.selenium.NoSuchElementException: Unable to find element with locator By.cssSelector: input.btn.btn-primary
For documentation on this error, please visit: https://www.selenium.dev/documentation/webdriver/troubleshooting/errors#no-such-element-exception
Build info: version: &apos;4.16.1&apos;, revision: &apos;9b4c83354e&apos;
System info: os.name: &apos;Windows 11&apos;, os.arch: &apos;amd64&apos;, os.version: &apos;10.0&apos;, java.version: &apos;17.0.7&apos;
Driver info: driver.version: RemoteWebDriver
	at org.openqa.selenium.remote.ElementLocation$ElementFinder$2.findElement(ElementLocation.java:168)
	at org.openqa.selenium.remote.ElementLocation.findElement(ElementLocation.java:59)
	at org.openqa.selenium.remote.RemoteWebDriver.findElement(RemoteWebDriver.java:360)
	at org.openqa.selenium.remote.RemoteWebDriver.findElement(RemoteWebDriver.java:354)
	at org.openqa.selenium.support.pagefactory.DefaultElementLocator.findElement(DefaultElementLocator.java:68)
	at org.openqa.selenium.support.pagefactory.internal.LocatingElementHandler.invoke(LocatingElementHandler.java:38)
	at jdk.proxy2/jdk.proxy2.$Proxy13.click(Unknown Source)
	at com.tutorialninjas.qa.Pages.LoginPage.clickOnLoginButton(LoginPage.java:44)
	at com.tutorialninjas.qa.TestCases.LoginTest.verifyLoginWithValidCredentials(LoginTest.java:79)
	at java.base/jdk.internal.reflect.NativeMethodAccessorImpl.invoke0(Native Method)
	at java.base/jdk.internal.reflect.NativeMethodAccessorImpl.invoke(NativeMethodAccessorImpl.java:77)
	at java.base/jdk.internal.reflect.DelegatingMethodAccessorImpl.invoke(DelegatingMethodAccessorImpl.java:43)
	at java.base/java.lang.reflect.Method.invoke(Method.java:568)
	at org.testng.internal.invokers.MethodInvocationHelper.invokeMethod(MethodInvocationHelper.java:139)
	at org.testng.internal.invokers.TestInvoker.invokeMethod(TestInvoker.java:664)
	at org.testng.internal.invokers.TestInvoker.invokeTestMethod(TestInvoker.java:228)
	at org.testng.internal.invokers.MethodRunner.runInSequence(MethodRunner.java:63)
	at org.testng.internal.invokers.TestInvoker$MethodInvocationAgent.invoke(TestInvoker.java:961)
	at org.testng.internal.invokers.TestInvoker.invokeTestMethods(TestInvoker.java:201)
	at org.testng.internal.invokers.TestMethodWorker.invokeTestMethods(TestMethodWorker.java:148)
	at org.testng.internal.invokers.TestMethodWorker.run(TestMethodWorker.java:128)
	at java.base/java.util.ArrayList.forEach(ArrayList.java:1511)
	at org.testng.TestRunner.privateRun(TestRunner.java:819)
	at org.testng.TestRunner.run(TestRunner.java:619)
	at org.testng.SuiteRunner.runTest(SuiteRunner.java:443)
	at org.testng.SuiteRunner.runSequentially(SuiteRunner.java:437)
	at org.testng.SuiteRunner.privateRun(SuiteRunner.java:397)
	at org.testng.SuiteRunner.run(SuiteRunner.java:336)
	at org.testng.SuiteRunnerWorker.runSuite(SuiteRunnerWorker.java:52)
	at org.testng.SuiteRunnerWorker.run(SuiteRunnerWorker.java:95)
	at org.testng.TestNG.runSuitesSequentially(TestNG.java:1301)
	at org.testng.TestNG.runSuitesLocally(TestNG.java:1228)
	at org.testng.TestNG.runSuites(TestNG.java:1134)
	at org.testng.TestNG.run(TestNG.java:1101)
	at org.testng.remote.AbstractRemoteTestNG.run(AbstractRemoteTestNG.java:115)
	at org.testng.remote.RemoteTestNG.initAndRun(RemoteTestNG.java:251)
	at org.testng.remote.RemoteTestNG.main(RemoteTestNG.java:77)
</pre></div><a href='#' onClick='toggleBox("stack-trace1641565704", this, "Click to show all stack frames", "Click to hide stack frames")'>Click to show all stack frames</a>
<div class='stack-trace' id='stack-trace1641565704'><pre>org.openqa.selenium.NoSuchElementException: Unable to find element with locator By.cssSelector: input.btn.btn-primary
For documentation on this error, please visit: https://www.selenium.dev/documentation/webdriver/troubleshooting/errors#no-such-element-exception
Build info: version: &apos;4.16.1&apos;, revision: &apos;9b4c83354e&apos;
System info: os.name: &apos;Windows 11&apos;, os.arch: &apos;amd64&apos;, os.version: &apos;10.0&apos;, java.version: &apos;17.0.7&apos;
Driver info: driver.version: RemoteWebDriver
	at org.openqa.selenium.remote.ElementLocation$ElementFinder$2.findElement(ElementLocation.java:168)
	at org.openqa.selenium.remote.ElementLocation.findElement(ElementLocation.java:59)
	at org.openqa.selenium.remote.RemoteWebDriver.findElement(RemoteWebDriver.java:360)
	at org.openqa.selenium.remote.RemoteWebDriver.findElement(RemoteWebDriver.java:354)
	at org.openqa.selenium.support.pagefactory.DefaultElementLocator.findElement(DefaultElementLocator.java:68)
	at org.openqa.selenium.support.pagefactory.internal.LocatingElementHandler.invoke(LocatingElementHandler.java:38)
	at jdk.proxy2/jdk.proxy2.$Proxy13.click(Unknown Source)
	at com.tutorialninjas.qa.Pages.LoginPage.clickOnLoginButton(LoginPage.java:44)
	at com.tutorialninjas.qa.TestCases.LoginTest.verifyLoginWithValidCredentials(LoginTest.java:79)
	at java.base/jdk.internal.reflect.NativeMethodAccessorImpl.invoke0(Native Method)
	at java.base/jdk.internal.reflect.NativeMethodAccessorImpl.invoke(NativeMethodAccessorImpl.java:77)
	at java.base/jdk.internal.reflect.DelegatingMethodAccessorImpl.invoke(DelegatingMethodAccessorImpl.java:43)
	at java.base/java.lang.reflect.Method.invoke(Method.java:568)
	at org.testng.internal.invokers.MethodInvocationHelper.invokeMethod(MethodInvocationHelper.java:139)
	at org.testng.internal.invokers.TestInvoker.invokeMethod(TestInvoker.java:664)
	at org.testng.internal.invokers.TestInvoker.invokeTestMethod(TestInvoker.java:228)
	at org.testng.internal.invokers.MethodRunner.runInSequence(MethodRunner.java:63)
	at org.testng.internal.invokers.TestInvoker$MethodInvocationAgent.invoke(TestInvoker.java:961)
	at org.testng.internal.invokers.TestInvoker.invokeTestMethods(TestInvoker.java:201)
	at org.testng.internal.invokers.TestMethodWorker.invokeTestMethods(TestMethodWorker.java:148)
	at org.testng.internal.invokers.TestMethodWorker.run(TestMethodWorker.java:128)
	at java.base/java.util.ArrayList.forEach(ArrayList.java:1511)
	at org.testng.TestRunner.privateRun(TestRunner.java:819)
	at org.testng.TestRunner.run(TestRunner.java:619)
	at org.testng.SuiteRunner.runTest(SuiteRunner.java:443)
	at org.testng.SuiteRunner.runSequentially(SuiteRunner.java:437)
	at org.testng.SuiteRunner.privateRun(SuiteRunner.java:397)
	at org.testng.SuiteRunner.run(SuiteRunner.java:336)
	at org.testng.SuiteRunnerWorker.runSuite(SuiteRunnerWorker.java:52)
	at org.testng.SuiteRunnerWorker.run(SuiteRunnerWorker.java:95)
	at org.testng.TestNG.runSuitesSequentially(TestNG.java:1301)
	at org.testng.TestNG.runSuitesLocally(TestNG.java:1228)
	at org.testng.TestNG.runSuites(TestNG.java:1134)
	at org.testng.TestNG.run(TestNG.java:1101)
	at org.testng.remote.AbstractRemoteTestNG.run(AbstractRemoteTestNG.java:115)
	at org.testng.remote.RemoteTestNG.initAndRun(RemoteTestNG.java:251)
	at org.testng.remote.RemoteTestNG.main(RemoteTestNG.java:77)
</pre></div></td>
<td>9</td>
<td>com.tutorialninjas.qa.TestCases.LoginTest@f09733f</td></tr>
</table><p>
<table width='100%' border='1' class='invocation-skipped'>
<tr><td colspan='4' align='center'><b>SKIPPED TESTS</b></td></tr>
<tr><td><b>Test method</b></td>
<td><b>Attribute(s)</b></td>
<td width="30%"><b>Exception</b></td>
<td width="10%"><b>Time (seconds)</b></td>
<td><b>Instance</b></td>
</tr>
<tr>
<td title='com.tutorialninjas.qa.TestCases.LoginTest.verifyLoginWithValidCredentials()'><b>verifyLoginWithValidCredentials</b><br>Test class: com.tutorialninjas.qa.TestCases.LoginTest<br>Parameters: seleniumpanda4@gmail.com, Selenium@123</td>
<td><div><pre>org.openqa.selenium.WebDriverException: java.io.IOException: Output closed
Build info: version: &apos;4.16.1&apos;, revision: &apos;9b4c83354e&apos;
System info: os.name: &apos;Windows 11&apos;, os.arch: &apos;amd64&apos;, os.version: &apos;10.0&apos;, java.version: &apos;17.0.7&apos;
Driver info: driver.version: ChromiumDriver
	at org.openqa.selenium.remote.http.jdk.JdkHttpClient$5.send(JdkHttpClient.java:304)
	at org.openqa.selenium.remote.http.jdk.JdkHttpClient$5.close(JdkHttpClient.java:323)
	at org.openqa.selenium.devtools.Connection.close(Connection.java:224)
	at org.openqa.selenium.devtools.DevTools.close(DevTools.java:60)
	at java.base/java.util.Optional.ifPresent(Optional.java:178)
	at org.openqa.selenium.remote.RemoteWebDriver.quit(RemoteWebDriver.java:431)
	at org.openqa.selenium.chromium.ChromiumDriver.quit(ChromiumDriver.java:426)
	at com.tutorialninjas.qa.TestCases.LoginTest.tearDown(LoginTest.java:166)
	at java.base/jdk.internal.reflect.NativeMethodAccessorImpl.invoke0(Native Method)
	at java.base/jdk.internal.reflect.NativeMethodAccessorImpl.invoke(NativeMethodAccessorImpl.java:77)
	at java.base/jdk.internal.reflect.DelegatingMethodAccessorImpl.invoke(DelegatingMethodAccessorImpl.java:43)
	at java.base/java.lang.reflect.Method.invoke(Method.java:568)
	at org.testng.internal.invokers.MethodInvocationHelper.invokeMethod(MethodInvocationHelper.java:139)
	at org.testng.internal.invokers.MethodInvocationHelper.invokeMethodConsideringTimeout(MethodInvocationHelper.java:69)
	at org.testng.internal.invokers.ConfigInvoker.invokeConfigurationMethod(ConfigInvoker.java:393)
	at org.testng.internal.invokers.ConfigInvoker.invokeConfigurations(ConfigInvoker.java:326)
	at org.testng.internal.invokers.TestInvoker.runConfigMethods(TestInvoker.java:810)
	at org.testng.internal.invokers.TestInvoker.runAfterConfigurations(TestInvoker.java:779)
	at org.testng.internal.invokers.TestInvoker.invokeMethod(TestInvoker.java:755)
	at org.testng.internal.invokers.TestInvoker.invokeTestMethod(TestInvoker.java:228)
	at org.testng.internal.invokers.MethodRunner.runInSequence(MethodRunner.java:63)
	at org.testng.internal.invokers.TestInvoker$MethodInvocationAgent.invoke(TestInvoker.java:961)
	at org.testng.internal.invokers.TestInvoker.invokeTestMethods(TestInvoker.java:201)
	at org.testng.internal.invokers.TestMethodWorker.invokeTestMethods(TestMethodWorker.java:148)
	at org.testng.internal.invokers.TestMethodWorker.run(TestMethodWorker.java:128)
	at java.base/java.util.ArrayList.forEach(ArrayList.java:1511)
	at org.testng.TestRunner.privateRun(TestRunner.java:819)
	at org.testng.TestRunner.run(TestRunner.java:619)
	at org.testng.SuiteRunner.runTest(SuiteRunner.java:443)
	at org.testng.SuiteRunner.runSequentially(SuiteRunner.java:437)
	at org.testng.SuiteRunner.privateRun(SuiteRunner.java:397)
	at org.testng.SuiteRunner.run(SuiteRunner.java:336)
	at org.testng.SuiteRunnerWorker.runSuite(SuiteRunnerWorker.java:52)
	at org.testng.SuiteRunnerWorker.run(SuiteRunnerWorker.java:95)
	at org.testng.TestNG.runSuitesSequentially(TestNG.java:1301)
	at org.testng.TestNG.runSuitesLocally(TestNG.java:1228)
	at org.testng.TestNG.runSuites(TestNG.java:1134)
	at org.testng.TestNG.run(TestNG.java:1101)
	at org.testng.remote.AbstractRemoteTestNG.run(AbstractRemoteTestNG.java:115)
	at org.testng.remote.RemoteTestNG.initAndRun(RemoteTestNG.java:251)
	at org.testng.remote.RemoteTestNG.main(RemoteTestNG.java:77)
Caused by: java.io.IOException: Output closed
	at java.net.http/jdk.internal.net.http.websocket.MessageEncoder.encodeClose(MessageEncoder.java:330)
	at java.net.http/jdk.internal.net.http.websocket.TransportImpl$SendTask$1.onClose(TransportImpl.java:416)
	at java.net.http/jdk.internal.net.http.websocket.TransportImpl$SendTask$1.onClose(TransportImpl.java:361)
	at java.net.http/jdk.internal.net.http.websocket.MessageQueue.peek(MessageQueue.java:266)
	at java.net.http/jdk.internal.net.http.websocket.TransportImpl$SendTask.run(TransportImpl.java:549)
	at java.net.http/jdk.internal.net.http.common.SequentialScheduler$CompleteRestartableTask.run(SequentialScheduler.java:149)
	at java.net.http/jdk.internal.net.http.common.SequentialScheduler$TryEndDeferredCompleter.complete(SequentialScheduler.java:347)
	at java.net.http/jdk.internal.net.http.common.SequentialScheduler$CompleteRestartableTask.run(SequentialScheduler.java:151)
	at java.net.http/jdk.internal.net.http.common.SequentialScheduler$SchedulableTask.run(SequentialScheduler.java:230)
	at java.net.http/jdk.internal.net.http.common.SequentialScheduler.runOrSchedule(SequentialScheduler.java:303)
	at java.net.http/jdk.internal.net.http.common.SequentialScheduler.runOrSchedule(SequentialScheduler.java:256)
	at java.net.http/jdk.internal.net.http.websocket.TransportImpl.sendClose(TransportImpl.java:271)
	at java.net.http/jdk.internal.net.http.websocket.WebSocketImpl.sendClose0(WebSocketImpl.java:345)
	at java.net.http/jdk.internal.net.http.websocket.WebSocketImpl.sendCloseSilently(WebSocketImpl.java:660)
	at java.net.http/jdk.internal.net.http.websocket.WebSocketImpl$ReceiveTask.lambda$processClose$0(WebSocketImpl.java:549)
	at java.base/java.util.concurrent.CompletableFuture.uniWhenComplete(CompletableFuture.java:863)
	at java.base/java.util.concurrent.CompletableFuture.uniWhenCompleteStage(CompletableFuture.java:887)
	at java.base/java.util.concurrent.CompletableFuture.whenComplete(CompletableFuture.java:2325)
	at java.base/java.util.concurrent.CompletableFuture.whenComplete(CompletableFuture.java:144)
	at java.net.http/jdk.internal.net.http.websocket.WebSocketImpl$ReceiveTask.processClose(WebSocketImpl.java:544)
	at java.net.http/jdk.internal.net.http.websocket.WebSocketImpl$ReceiveTask.run(WebSocketImpl.java:459)
	at java.net.http/jdk.internal.net.http.common.SequentialScheduler$CompleteRestartableTask.run(SequentialScheduler.java:149)
	at java.net.http/jdk.internal.net.http.common.SequentialScheduler$SchedulableTask.run(SequentialScheduler.java:230)
	at java.base/java.util.concurrent.ThreadPoolExecutor.runWorker(ThreadPoolExecutor.java:1136)
	at java.base/java.util.concurrent.ThreadPoolExecutor$Worker.run(ThreadPoolExecutor.java:635)
	at java.base/java.lang.Thread.run(Thread.java:833)
</pre></div><a href='#' onClick='toggleBox("stack-trace1458905542", this, "Click to show all stack frames", "Click to hide stack frames")'>Click to show all stack frames</a>
<div class='stack-trace' id='stack-trace1458905542'><pre>org.openqa.selenium.WebDriverException: java.io.IOException: Output closed
Build info: version: &apos;4.16.1&apos;, revision: &apos;9b4c83354e&apos;
System info: os.name: &apos;Windows 11&apos;, os.arch: &apos;amd64&apos;, os.version: &apos;10.0&apos;, java.version: &apos;17.0.7&apos;
Driver info: driver.version: ChromiumDriver
	at org.openqa.selenium.remote.http.jdk.JdkHttpClient$5.send(JdkHttpClient.java:304)
	at org.openqa.selenium.remote.http.jdk.JdkHttpClient$5.close(JdkHttpClient.java:323)
	at org.openqa.selenium.devtools.Connection.close(Connection.java:224)
	at org.openqa.selenium.devtools.DevTools.close(DevTools.java:60)
	at java.base/java.util.Optional.ifPresent(Optional.java:178)
	at org.openqa.selenium.remote.RemoteWebDriver.quit(RemoteWebDriver.java:431)
	at org.openqa.selenium.chromium.ChromiumDriver.quit(ChromiumDriver.java:426)
	at com.tutorialninjas.qa.TestCases.LoginTest.tearDown(LoginTest.java:166)
	at java.base/jdk.internal.reflect.NativeMethodAccessorImpl.invoke0(Native Method)
	at java.base/jdk.internal.reflect.NativeMethodAccessorImpl.invoke(NativeMethodAccessorImpl.java:77)
	at java.base/jdk.internal.reflect.DelegatingMethodAccessorImpl.invoke(DelegatingMethodAccessorImpl.java:43)
	at java.base/java.lang.reflect.Method.invoke(Method.java:568)
	at org.testng.internal.invokers.MethodInvocationHelper.invokeMethod(MethodInvocationHelper.java:139)
	at org.testng.internal.invokers.MethodInvocationHelper.invokeMethodConsideringTimeout(MethodInvocationHelper.java:69)
	at org.testng.internal.invokers.ConfigInvoker.invokeConfigurationMethod(ConfigInvoker.java:393)
	at org.testng.internal.invokers.ConfigInvoker.invokeConfigurations(ConfigInvoker.java:326)
	at org.testng.internal.invokers.TestInvoker.runConfigMethods(TestInvoker.java:810)
	at org.testng.internal.invokers.TestInvoker.runAfterConfigurations(TestInvoker.java:779)
	at org.testng.internal.invokers.TestInvoker.invokeMethod(TestInvoker.java:755)
	at org.testng.internal.invokers.TestInvoker.invokeTestMethod(TestInvoker.java:228)
	at org.testng.internal.invokers.MethodRunner.runInSequence(MethodRunner.java:63)
	at org.testng.internal.invokers.TestInvoker$MethodInvocationAgent.invoke(TestInvoker.java:961)
	at org.testng.internal.invokers.TestInvoker.invokeTestMethods(TestInvoker.java:201)
	at org.testng.internal.invokers.TestMethodWorker.invokeTestMethods(TestMethodWorker.java:148)
	at org.testng.internal.invokers.TestMethodWorker.run(TestMethodWorker.java:128)
	at java.base/java.util.ArrayList.forEach(ArrayList.java:1511)
	at org.testng.TestRunner.privateRun(TestRunner.java:819)
	at org.testng.TestRunner.run(TestRunner.java:619)
	at org.testng.SuiteRunner.runTest(SuiteRunner.java:443)
	at org.testng.SuiteRunner.runSequentially(SuiteRunner.java:437)
	at org.testng.SuiteRunner.privateRun(SuiteRunner.java:397)
	at org.testng.SuiteRunner.run(SuiteRunner.java:336)
	at org.testng.SuiteRunnerWorker.runSuite(SuiteRunnerWorker.java:52)
	at org.testng.SuiteRunnerWorker.run(SuiteRunnerWorker.java:95)
	at org.testng.TestNG.runSuitesSequentially(TestNG.java:1301)
	at org.testng.TestNG.runSuitesLocally(TestNG.java:1228)
	at org.testng.TestNG.runSuites(TestNG.java:1134)
	at org.testng.TestNG.run(TestNG.java:1101)
	at org.testng.remote.AbstractRemoteTestNG.run(AbstractRemoteTestNG.java:115)
	at org.testng.remote.RemoteTestNG.initAndRun(RemoteTestNG.java:251)
	at org.testng.remote.RemoteTestNG.main(RemoteTestNG.java:77)
Caused by: java.io.IOException: Output closed
	at java.net.http/jdk.internal.net.http.websocket.MessageEncoder.encodeClose(MessageEncoder.java:330)
	at java.net.http/jdk.internal.net.http.websocket.TransportImpl$SendTask$1.onClose(TransportImpl.java:416)
	at java.net.http/jdk.internal.net.http.websocket.TransportImpl$SendTask$1.onClose(TransportImpl.java:361)
	at java.net.http/jdk.internal.net.http.websocket.MessageQueue.peek(MessageQueue.java:266)
	at java.net.http/jdk.internal.net.http.websocket.TransportImpl$SendTask.run(TransportImpl.java:549)
	at java.net.http/jdk.internal.net.http.common.SequentialScheduler$CompleteRestartableTask.run(SequentialScheduler.java:149)
	at java.net.http/jdk.internal.net.http.common.SequentialScheduler$TryEndDeferredCompleter.complete(SequentialScheduler.java:347)
	at java.net.http/jdk.internal.net.http.common.SequentialScheduler$CompleteRestartableTask.run(SequentialScheduler.java:151)
	at java.net.http/jdk.internal.net.http.common.SequentialScheduler$SchedulableTask.run(SequentialScheduler.java:230)
	at java.net.http/jdk.internal.net.http.common.SequentialScheduler.runOrSchedule(SequentialScheduler.java:303)
	at java.net.http/jdk.internal.net.http.common.SequentialScheduler.runOrSchedule(SequentialScheduler.java:256)
	at java.net.http/jdk.internal.net.http.websocket.TransportImpl.sendClose(TransportImpl.java:271)
	at java.net.http/jdk.internal.net.http.websocket.WebSocketImpl.sendClose0(WebSocketImpl.java:345)
	at java.net.http/jdk.internal.net.http.websocket.WebSocketImpl.sendCloseSilently(WebSocketImpl.java:660)
	at java.net.http/jdk.internal.net.http.websocket.WebSocketImpl$ReceiveTask.lambda$processClose$0(WebSocketImpl.java:549)
	at java.base/java.util.concurrent.CompletableFuture.uniWhenComplete(CompletableFuture.java:863)
	at java.base/java.util.concurrent.CompletableFuture.uniWhenCompleteStage(CompletableFuture.java:887)
	at java.base/java.util.concurrent.CompletableFuture.whenComplete(CompletableFuture.java:2325)
	at java.base/java.util.concurrent.CompletableFuture.whenComplete(CompletableFuture.java:144)
	at java.net.http/jdk.internal.net.http.websocket.WebSocketImpl$ReceiveTask.processClose(WebSocketImpl.java:544)
	at java.net.http/jdk.internal.net.http.websocket.WebSocketImpl$ReceiveTask.run(WebSocketImpl.java:459)
	at java.net.http/jdk.internal.net.http.common.SequentialScheduler$CompleteRestartableTask.run(SequentialScheduler.java:149)
	at java.net.http/jdk.internal.net.http.common.SequentialScheduler$SchedulableTask.run(SequentialScheduler.java:230)
	at java.base/java.util.concurrent.ThreadPoolExecutor.runWorker(ThreadPoolExecutor.java:1136)
	at java.base/java.util.concurrent.ThreadPoolExecutor$Worker.run(ThreadPoolExecutor.java:635)
	at java.base/java.lang.Thread.run(Thread.java:833)
</pre></div></td>
<td>0</td>
<td>com.tutorialninjas.qa.TestCases.LoginTest@f09733f</td></tr>
<tr>
<td title='com.tutorialninjas.qa.TestCases.LoginTest.verifyLoginWithValidCredentials()'><b>verifyLoginWithValidCredentials</b><br>Test class: com.tutorialninjas.qa.TestCases.LoginTest<br>Parameters: seleniumpanda6@gmail.com, Selenium@123</td>
<td><div><pre>org.openqa.selenium.WebDriverException: java.io.IOException: Output closed
Build info: version: &apos;4.16.1&apos;, revision: &apos;9b4c83354e&apos;
System info: os.name: &apos;Windows 11&apos;, os.arch: &apos;amd64&apos;, os.version: &apos;10.0&apos;, java.version: &apos;17.0.7&apos;
Driver info: driver.version: ChromiumDriver
	at org.openqa.selenium.remote.http.jdk.JdkHttpClient$5.send(JdkHttpClient.java:304)
	at org.openqa.selenium.remote.http.jdk.JdkHttpClient$5.close(JdkHttpClient.java:323)
	at org.openqa.selenium.devtools.Connection.close(Connection.java:224)
	at org.openqa.selenium.devtools.DevTools.close(DevTools.java:60)
	at java.base/java.util.Optional.ifPresent(Optional.java:178)
	at org.openqa.selenium.remote.RemoteWebDriver.quit(RemoteWebDriver.java:431)
	at org.openqa.selenium.chromium.ChromiumDriver.quit(ChromiumDriver.java:426)
	at com.tutorialninjas.qa.TestCases.LoginTest.tearDown(LoginTest.java:166)
	at java.base/jdk.internal.reflect.NativeMethodAccessorImpl.invoke0(Native Method)
	at java.base/jdk.internal.reflect.NativeMethodAccessorImpl.invoke(NativeMethodAccessorImpl.java:77)
	at java.base/jdk.internal.reflect.DelegatingMethodAccessorImpl.invoke(DelegatingMethodAccessorImpl.java:43)
	at java.base/java.lang.reflect.Method.invoke(Method.java:568)
	at org.testng.internal.invokers.MethodInvocationHelper.invokeMethod(MethodInvocationHelper.java:139)
	at org.testng.internal.invokers.MethodInvocationHelper.invokeMethodConsideringTimeout(MethodInvocationHelper.java:69)
	at org.testng.internal.invokers.ConfigInvoker.invokeConfigurationMethod(ConfigInvoker.java:393)
	at org.testng.internal.invokers.ConfigInvoker.invokeConfigurations(ConfigInvoker.java:326)
	at org.testng.internal.invokers.TestInvoker.runConfigMethods(TestInvoker.java:810)
	at org.testng.internal.invokers.TestInvoker.runAfterConfigurations(TestInvoker.java:779)
	at org.testng.internal.invokers.TestInvoker.invokeMethod(TestInvoker.java:755)
	at org.testng.internal.invokers.TestInvoker.invokeTestMethod(TestInvoker.java:228)
	at org.testng.internal.invokers.MethodRunner.runInSequence(MethodRunner.java:63)
	at org.testng.internal.invokers.TestInvoker$MethodInvocationAgent.invoke(TestInvoker.java:961)
	at org.testng.internal.invokers.TestInvoker.invokeTestMethods(TestInvoker.java:201)
	at org.testng.internal.invokers.TestMethodWorker.invokeTestMethods(TestMethodWorker.java:148)
	at org.testng.internal.invokers.TestMethodWorker.run(TestMethodWorker.java:128)
	at java.base/java.util.ArrayList.forEach(ArrayList.java:1511)
	at org.testng.TestRunner.privateRun(TestRunner.java:819)
	at org.testng.TestRunner.run(TestRunner.java:619)
	at org.testng.SuiteRunner.runTest(SuiteRunner.java:443)
	at org.testng.SuiteRunner.runSequentially(SuiteRunner.java:437)
	at org.testng.SuiteRunner.privateRun(SuiteRunner.java:397)
	at org.testng.SuiteRunner.run(SuiteRunner.java:336)
	at org.testng.SuiteRunnerWorker.runSuite(SuiteRunnerWorker.java:52)
	at org.testng.SuiteRunnerWorker.run(SuiteRunnerWorker.java:95)
	at org.testng.TestNG.runSuitesSequentially(TestNG.java:1301)
	at org.testng.TestNG.runSuitesLocally(TestNG.java:1228)
	at org.testng.TestNG.runSuites(TestNG.java:1134)
	at org.testng.TestNG.run(TestNG.java:1101)
	at org.testng.remote.AbstractRemoteTestNG.run(AbstractRemoteTestNG.java:115)
	at org.testng.remote.RemoteTestNG.initAndRun(RemoteTestNG.java:251)
	at org.testng.remote.RemoteTestNG.main(RemoteTestNG.java:77)
Caused by: java.io.IOException: Output closed
	at java.net.http/jdk.internal.net.http.websocket.MessageEncoder.encodeClose(MessageEncoder.java:330)
	at java.net.http/jdk.internal.net.http.websocket.TransportImpl$SendTask$1.onClose(TransportImpl.java:416)
	at java.net.http/jdk.internal.net.http.websocket.TransportImpl$SendTask$1.onClose(TransportImpl.java:361)
	at java.net.http/jdk.internal.net.http.websocket.MessageQueue.peek(MessageQueue.java:266)
	at java.net.http/jdk.internal.net.http.websocket.TransportImpl$SendTask.run(TransportImpl.java:549)
	at java.net.http/jdk.internal.net.http.common.SequentialScheduler$CompleteRestartableTask.run(SequentialScheduler.java:149)
	at java.net.http/jdk.internal.net.http.common.SequentialScheduler$TryEndDeferredCompleter.complete(SequentialScheduler.java:347)
	at java.net.http/jdk.internal.net.http.common.SequentialScheduler$CompleteRestartableTask.run(SequentialScheduler.java:151)
	at java.net.http/jdk.internal.net.http.common.SequentialScheduler$SchedulableTask.run(SequentialScheduler.java:230)
	at java.net.http/jdk.internal.net.http.common.SequentialScheduler.runOrSchedule(SequentialScheduler.java:303)
	at java.net.http/jdk.internal.net.http.common.SequentialScheduler.runOrSchedule(SequentialScheduler.java:256)
	at java.net.http/jdk.internal.net.http.websocket.TransportImpl.sendClose(TransportImpl.java:271)
	at java.net.http/jdk.internal.net.http.websocket.WebSocketImpl.sendClose0(WebSocketImpl.java:345)
	at java.net.http/jdk.internal.net.http.websocket.WebSocketImpl.sendCloseSilently(WebSocketImpl.java:660)
	at java.net.http/jdk.internal.net.http.websocket.WebSocketImpl$ReceiveTask.lambda$processClose$0(WebSocketImpl.java:549)
	at java.base/java.util.concurrent.CompletableFuture.uniWhenComplete(CompletableFuture.java:863)
	at java.base/java.util.concurrent.CompletableFuture.uniWhenCompleteStage(CompletableFuture.java:887)
	at java.base/java.util.concurrent.CompletableFuture.whenComplete(CompletableFuture.java:2325)
	at java.base/java.util.concurrent.CompletableFuture.whenComplete(CompletableFuture.java:144)
	at java.net.http/jdk.internal.net.http.websocket.WebSocketImpl$ReceiveTask.processClose(WebSocketImpl.java:544)
	at java.net.http/jdk.internal.net.http.websocket.WebSocketImpl$ReceiveTask.run(WebSocketImpl.java:459)
	at java.net.http/jdk.internal.net.http.common.SequentialScheduler$CompleteRestartableTask.run(SequentialScheduler.java:149)
	at java.net.http/jdk.internal.net.http.common.SequentialScheduler$SchedulableTask.run(SequentialScheduler.java:230)
	at java.base/java.util.concurrent.ThreadPoolExecutor.runWorker(ThreadPoolExecutor.java:1136)
	at java.base/java.util.concurrent.ThreadPoolExecutor$Worker.run(ThreadPoolExecutor.java:635)
	at java.base/java.lang.Thread.run(Thread.java:833)
</pre></div><a href='#' onClick='toggleBox("stack-trace777236628", this, "Click to show all stack frames", "Click to hide stack frames")'>Click to show all stack frames</a>
<div class='stack-trace' id='stack-trace777236628'><pre>org.openqa.selenium.WebDriverException: java.io.IOException: Output closed
Build info: version: &apos;4.16.1&apos;, revision: &apos;9b4c83354e&apos;
System info: os.name: &apos;Windows 11&apos;, os.arch: &apos;amd64&apos;, os.version: &apos;10.0&apos;, java.version: &apos;17.0.7&apos;
Driver info: driver.version: ChromiumDriver
	at org.openqa.selenium.remote.http.jdk.JdkHttpClient$5.send(JdkHttpClient.java:304)
	at org.openqa.selenium.remote.http.jdk.JdkHttpClient$5.close(JdkHttpClient.java:323)
	at org.openqa.selenium.devtools.Connection.close(Connection.java:224)
	at org.openqa.selenium.devtools.DevTools.close(DevTools.java:60)
	at java.base/java.util.Optional.ifPresent(Optional.java:178)
	at org.openqa.selenium.remote.RemoteWebDriver.quit(RemoteWebDriver.java:431)
	at org.openqa.selenium.chromium.ChromiumDriver.quit(ChromiumDriver.java:426)
	at com.tutorialninjas.qa.TestCases.LoginTest.tearDown(LoginTest.java:166)
	at java.base/jdk.internal.reflect.NativeMethodAccessorImpl.invoke0(Native Method)
	at java.base/jdk.internal.reflect.NativeMethodAccessorImpl.invoke(NativeMethodAccessorImpl.java:77)
	at java.base/jdk.internal.reflect.DelegatingMethodAccessorImpl.invoke(DelegatingMethodAccessorImpl.java:43)
	at java.base/java.lang.reflect.Method.invoke(Method.java:568)
	at org.testng.internal.invokers.MethodInvocationHelper.invokeMethod(MethodInvocationHelper.java:139)
	at org.testng.internal.invokers.MethodInvocationHelper.invokeMethodConsideringTimeout(MethodInvocationHelper.java:69)
	at org.testng.internal.invokers.ConfigInvoker.invokeConfigurationMethod(ConfigInvoker.java:393)
	at org.testng.internal.invokers.ConfigInvoker.invokeConfigurations(ConfigInvoker.java:326)
	at org.testng.internal.invokers.TestInvoker.runConfigMethods(TestInvoker.java:810)
	at org.testng.internal.invokers.TestInvoker.runAfterConfigurations(TestInvoker.java:779)
	at org.testng.internal.invokers.TestInvoker.invokeMethod(TestInvoker.java:755)
	at org.testng.internal.invokers.TestInvoker.invokeTestMethod(TestInvoker.java:228)
	at org.testng.internal.invokers.MethodRunner.runInSequence(MethodRunner.java:63)
	at org.testng.internal.invokers.TestInvoker$MethodInvocationAgent.invoke(TestInvoker.java:961)
	at org.testng.internal.invokers.TestInvoker.invokeTestMethods(TestInvoker.java:201)
	at org.testng.internal.invokers.TestMethodWorker.invokeTestMethods(TestMethodWorker.java:148)
	at org.testng.internal.invokers.TestMethodWorker.run(TestMethodWorker.java:128)
	at java.base/java.util.ArrayList.forEach(ArrayList.java:1511)
	at org.testng.TestRunner.privateRun(TestRunner.java:819)
	at org.testng.TestRunner.run(TestRunner.java:619)
	at org.testng.SuiteRunner.runTest(SuiteRunner.java:443)
	at org.testng.SuiteRunner.runSequentially(SuiteRunner.java:437)
	at org.testng.SuiteRunner.privateRun(SuiteRunner.java:397)
	at org.testng.SuiteRunner.run(SuiteRunner.java:336)
	at org.testng.SuiteRunnerWorker.runSuite(SuiteRunnerWorker.java:52)
	at org.testng.SuiteRunnerWorker.run(SuiteRunnerWorker.java:95)
	at org.testng.TestNG.runSuitesSequentially(TestNG.java:1301)
	at org.testng.TestNG.runSuitesLocally(TestNG.java:1228)
	at org.testng.TestNG.runSuites(TestNG.java:1134)
	at org.testng.TestNG.run(TestNG.java:1101)
	at org.testng.remote.AbstractRemoteTestNG.run(AbstractRemoteTestNG.java:115)
	at org.testng.remote.RemoteTestNG.initAndRun(RemoteTestNG.java:251)
	at org.testng.remote.RemoteTestNG.main(RemoteTestNG.java:77)
Caused by: java.io.IOException: Output closed
	at java.net.http/jdk.internal.net.http.websocket.MessageEncoder.encodeClose(MessageEncoder.java:330)
	at java.net.http/jdk.internal.net.http.websocket.TransportImpl$SendTask$1.onClose(TransportImpl.java:416)
	at java.net.http/jdk.internal.net.http.websocket.TransportImpl$SendTask$1.onClose(TransportImpl.java:361)
	at java.net.http/jdk.internal.net.http.websocket.MessageQueue.peek(MessageQueue.java:266)
	at java.net.http/jdk.internal.net.http.websocket.TransportImpl$SendTask.run(TransportImpl.java:549)
	at java.net.http/jdk.internal.net.http.common.SequentialScheduler$CompleteRestartableTask.run(SequentialScheduler.java:149)
	at java.net.http/jdk.internal.net.http.common.SequentialScheduler$TryEndDeferredCompleter.complete(SequentialScheduler.java:347)
	at java.net.http/jdk.internal.net.http.common.SequentialScheduler$CompleteRestartableTask.run(SequentialScheduler.java:151)
	at java.net.http/jdk.internal.net.http.common.SequentialScheduler$SchedulableTask.run(SequentialScheduler.java:230)
	at java.net.http/jdk.internal.net.http.common.SequentialScheduler.runOrSchedule(SequentialScheduler.java:303)
	at java.net.http/jdk.internal.net.http.common.SequentialScheduler.runOrSchedule(SequentialScheduler.java:256)
	at java.net.http/jdk.internal.net.http.websocket.TransportImpl.sendClose(TransportImpl.java:271)
	at java.net.http/jdk.internal.net.http.websocket.WebSocketImpl.sendClose0(WebSocketImpl.java:345)
	at java.net.http/jdk.internal.net.http.websocket.WebSocketImpl.sendCloseSilently(WebSocketImpl.java:660)
	at java.net.http/jdk.internal.net.http.websocket.WebSocketImpl$ReceiveTask.lambda$processClose$0(WebSocketImpl.java:549)
	at java.base/java.util.concurrent.CompletableFuture.uniWhenComplete(CompletableFuture.java:863)
	at java.base/java.util.concurrent.CompletableFuture.uniWhenCompleteStage(CompletableFuture.java:887)
	at java.base/java.util.concurrent.CompletableFuture.whenComplete(CompletableFuture.java:2325)
	at java.base/java.util.concurrent.CompletableFuture.whenComplete(CompletableFuture.java:144)
	at java.net.http/jdk.internal.net.http.websocket.WebSocketImpl$ReceiveTask.processClose(WebSocketImpl.java:544)
	at java.net.http/jdk.internal.net.http.websocket.WebSocketImpl$ReceiveTask.run(WebSocketImpl.java:459)
	at java.net.http/jdk.internal.net.http.common.SequentialScheduler$CompleteRestartableTask.run(SequentialScheduler.java:149)
	at java.net.http/jdk.internal.net.http.common.SequentialScheduler$SchedulableTask.run(SequentialScheduler.java:230)
	at java.base/java.util.concurrent.ThreadPoolExecutor.runWorker(ThreadPoolExecutor.java:1136)
	at java.base/java.util.concurrent.ThreadPoolExecutor$Worker.run(ThreadPoolExecutor.java:635)
	at java.base/java.lang.Thread.run(Thread.java:833)
</pre></div></td>
<td>0</td>
<td>com.tutorialninjas.qa.TestCases.LoginTest@f09733f</td></tr>
<tr>
<td title='com.tutorialninjas.qa.TestCases.LoginTest.verifyLoginWithValidCredentials()'><b>verifyLoginWithValidCredentials</b><br>Test class: com.tutorialninjas.qa.TestCases.LoginTest<br>Parameters: seleniumpanda2@gmail.com, Selenium@123</td>
<td><div><pre>org.openqa.selenium.WebDriverException: java.io.IOException: Output closed
Build info: version: &apos;4.16.1&apos;, revision: &apos;9b4c83354e&apos;
System info: os.name: &apos;Windows 11&apos;, os.arch: &apos;amd64&apos;, os.version: &apos;10.0&apos;, java.version: &apos;17.0.7&apos;
Driver info: driver.version: ChromiumDriver
	at org.openqa.selenium.remote.http.jdk.JdkHttpClient$5.send(JdkHttpClient.java:304)
	at org.openqa.selenium.remote.http.jdk.JdkHttpClient$5.close(JdkHttpClient.java:323)
	at org.openqa.selenium.devtools.Connection.close(Connection.java:224)
	at org.openqa.selenium.devtools.DevTools.close(DevTools.java:60)
	at java.base/java.util.Optional.ifPresent(Optional.java:178)
	at org.openqa.selenium.remote.RemoteWebDriver.quit(RemoteWebDriver.java:431)
	at org.openqa.selenium.chromium.ChromiumDriver.quit(ChromiumDriver.java:426)
	at com.tutorialninjas.qa.TestCases.LoginTest.tearDown(LoginTest.java:166)
	at java.base/jdk.internal.reflect.NativeMethodAccessorImpl.invoke0(Native Method)
	at java.base/jdk.internal.reflect.NativeMethodAccessorImpl.invoke(NativeMethodAccessorImpl.java:77)
	at java.base/jdk.internal.reflect.DelegatingMethodAccessorImpl.invoke(DelegatingMethodAccessorImpl.java:43)
	at java.base/java.lang.reflect.Method.invoke(Method.java:568)
	at org.testng.internal.invokers.MethodInvocationHelper.invokeMethod(MethodInvocationHelper.java:139)
	at org.testng.internal.invokers.MethodInvocationHelper.invokeMethodConsideringTimeout(MethodInvocationHelper.java:69)
	at org.testng.internal.invokers.ConfigInvoker.invokeConfigurationMethod(ConfigInvoker.java:393)
	at org.testng.internal.invokers.ConfigInvoker.invokeConfigurations(ConfigInvoker.java:326)
	at org.testng.internal.invokers.TestInvoker.runConfigMethods(TestInvoker.java:810)
	at org.testng.internal.invokers.TestInvoker.runAfterConfigurations(TestInvoker.java:779)
	at org.testng.internal.invokers.TestInvoker.invokeMethod(TestInvoker.java:755)
	at org.testng.internal.invokers.TestInvoker.invokeTestMethod(TestInvoker.java:228)
	at org.testng.internal.invokers.MethodRunner.runInSequence(MethodRunner.java:63)
	at org.testng.internal.invokers.TestInvoker$MethodInvocationAgent.invoke(TestInvoker.java:961)
	at org.testng.internal.invokers.TestInvoker.invokeTestMethods(TestInvoker.java:201)
	at org.testng.internal.invokers.TestMethodWorker.invokeTestMethods(TestMethodWorker.java:148)
	at org.testng.internal.invokers.TestMethodWorker.run(TestMethodWorker.java:128)
	at java.base/java.util.ArrayList.forEach(ArrayList.java:1511)
	at org.testng.TestRunner.privateRun(TestRunner.java:819)
	at org.testng.TestRunner.run(TestRunner.java:619)
	at org.testng.SuiteRunner.runTest(SuiteRunner.java:443)
	at org.testng.SuiteRunner.runSequentially(SuiteRunner.java:437)
	at org.testng.SuiteRunner.privateRun(SuiteRunner.java:397)
	at org.testng.SuiteRunner.run(SuiteRunner.java:336)
	at org.testng.SuiteRunnerWorker.runSuite(SuiteRunnerWorker.java:52)
	at org.testng.SuiteRunnerWorker.run(SuiteRunnerWorker.java:95)
	at org.testng.TestNG.runSuitesSequentially(TestNG.java:1301)
	at org.testng.TestNG.runSuitesLocally(TestNG.java:1228)
	at org.testng.TestNG.runSuites(TestNG.java:1134)
	at org.testng.TestNG.run(TestNG.java:1101)
	at org.testng.remote.AbstractRemoteTestNG.run(AbstractRemoteTestNG.java:115)
	at org.testng.remote.RemoteTestNG.initAndRun(RemoteTestNG.java:251)
	at org.testng.remote.RemoteTestNG.main(RemoteTestNG.java:77)
Caused by: java.io.IOException: Output closed
	at java.net.http/jdk.internal.net.http.websocket.MessageEncoder.encodeClose(MessageEncoder.java:330)
	at java.net.http/jdk.internal.net.http.websocket.TransportImpl$SendTask$1.onClose(TransportImpl.java:416)
	at java.net.http/jdk.internal.net.http.websocket.TransportImpl$SendTask$1.onClose(TransportImpl.java:361)
	at java.net.http/jdk.internal.net.http.websocket.MessageQueue.peek(MessageQueue.java:266)
	at java.net.http/jdk.internal.net.http.websocket.TransportImpl$SendTask.run(TransportImpl.java:549)
	at java.net.http/jdk.internal.net.http.common.SequentialScheduler$CompleteRestartableTask.run(SequentialScheduler.java:149)
	at java.net.http/jdk.internal.net.http.common.SequentialScheduler$TryEndDeferredCompleter.complete(SequentialScheduler.java:347)
	at java.net.http/jdk.internal.net.http.common.SequentialScheduler$CompleteRestartableTask.run(SequentialScheduler.java:151)
	at java.net.http/jdk.internal.net.http.common.SequentialScheduler$SchedulableTask.run(SequentialScheduler.java:230)
	at java.net.http/jdk.internal.net.http.common.SequentialScheduler.runOrSchedule(SequentialScheduler.java:303)
	at java.net.http/jdk.internal.net.http.common.SequentialScheduler.runOrSchedule(SequentialScheduler.java:256)
	at java.net.http/jdk.internal.net.http.websocket.TransportImpl.sendClose(TransportImpl.java:271)
	at java.net.http/jdk.internal.net.http.websocket.WebSocketImpl.sendClose0(WebSocketImpl.java:345)
	at java.net.http/jdk.internal.net.http.websocket.WebSocketImpl.sendCloseSilently(WebSocketImpl.java:660)
	at java.net.http/jdk.internal.net.http.websocket.WebSocketImpl$ReceiveTask.lambda$processClose$0(WebSocketImpl.java:549)
	at java.base/java.util.concurrent.CompletableFuture.uniWhenComplete(CompletableFuture.java:863)
	at java.base/java.util.concurrent.CompletableFuture.uniWhenCompleteStage(CompletableFuture.java:887)
	at java.base/java.util.concurrent.CompletableFuture.whenComplete(CompletableFuture.java:2325)
	at java.base/java.util.concurrent.CompletableFuture.whenComplete(CompletableFuture.java:144)
	at java.net.http/jdk.internal.net.http.websocket.WebSocketImpl$ReceiveTask.processClose(WebSocketImpl.java:544)
	at java.net.http/jdk.internal.net.http.websocket.WebSocketImpl$ReceiveTask.run(WebSocketImpl.java:459)
	at java.net.http/jdk.internal.net.http.common.SequentialScheduler$CompleteRestartableTask.run(SequentialScheduler.java:149)
	at java.net.http/jdk.internal.net.http.common.SequentialScheduler$SchedulableTask.run(SequentialScheduler.java:230)
	at java.base/java.util.concurrent.ThreadPoolExecutor.runWorker(ThreadPoolExecutor.java:1136)
	at java.base/java.util.concurrent.ThreadPoolExecutor$Worker.run(ThreadPoolExecutor.java:635)
	at java.base/java.lang.Thread.run(Thread.java:833)
</pre></div><a href='#' onClick='toggleBox("stack-trace377957453", this, "Click to show all stack frames", "Click to hide stack frames")'>Click to show all stack frames</a>
<div class='stack-trace' id='stack-trace377957453'><pre>org.openqa.selenium.WebDriverException: java.io.IOException: Output closed
Build info: version: &apos;4.16.1&apos;, revision: &apos;9b4c83354e&apos;
System info: os.name: &apos;Windows 11&apos;, os.arch: &apos;amd64&apos;, os.version: &apos;10.0&apos;, java.version: &apos;17.0.7&apos;
Driver info: driver.version: ChromiumDriver
	at org.openqa.selenium.remote.http.jdk.JdkHttpClient$5.send(JdkHttpClient.java:304)
	at org.openqa.selenium.remote.http.jdk.JdkHttpClient$5.close(JdkHttpClient.java:323)
	at org.openqa.selenium.devtools.Connection.close(Connection.java:224)
	at org.openqa.selenium.devtools.DevTools.close(DevTools.java:60)
	at java.base/java.util.Optional.ifPresent(Optional.java:178)
	at org.openqa.selenium.remote.RemoteWebDriver.quit(RemoteWebDriver.java:431)
	at org.openqa.selenium.chromium.ChromiumDriver.quit(ChromiumDriver.java:426)
	at com.tutorialninjas.qa.TestCases.LoginTest.tearDown(LoginTest.java:166)
	at java.base/jdk.internal.reflect.NativeMethodAccessorImpl.invoke0(Native Method)
	at java.base/jdk.internal.reflect.NativeMethodAccessorImpl.invoke(NativeMethodAccessorImpl.java:77)
	at java.base/jdk.internal.reflect.DelegatingMethodAccessorImpl.invoke(DelegatingMethodAccessorImpl.java:43)
	at java.base/java.lang.reflect.Method.invoke(Method.java:568)
	at org.testng.internal.invokers.MethodInvocationHelper.invokeMethod(MethodInvocationHelper.java:139)
	at org.testng.internal.invokers.MethodInvocationHelper.invokeMethodConsideringTimeout(MethodInvocationHelper.java:69)
	at org.testng.internal.invokers.ConfigInvoker.invokeConfigurationMethod(ConfigInvoker.java:393)
	at org.testng.internal.invokers.ConfigInvoker.invokeConfigurations(ConfigInvoker.java:326)
	at org.testng.internal.invokers.TestInvoker.runConfigMethods(TestInvoker.java:810)
	at org.testng.internal.invokers.TestInvoker.runAfterConfigurations(TestInvoker.java:779)
	at org.testng.internal.invokers.TestInvoker.invokeMethod(TestInvoker.java:755)
	at org.testng.internal.invokers.TestInvoker.invokeTestMethod(TestInvoker.java:228)
	at org.testng.internal.invokers.MethodRunner.runInSequence(MethodRunner.java:63)
	at org.testng.internal.invokers.TestInvoker$MethodInvocationAgent.invoke(TestInvoker.java:961)
	at org.testng.internal.invokers.TestInvoker.invokeTestMethods(TestInvoker.java:201)
	at org.testng.internal.invokers.TestMethodWorker.invokeTestMethods(TestMethodWorker.java:148)
	at org.testng.internal.invokers.TestMethodWorker.run(TestMethodWorker.java:128)
	at java.base/java.util.ArrayList.forEach(ArrayList.java:1511)
	at org.testng.TestRunner.privateRun(TestRunner.java:819)
	at org.testng.TestRunner.run(TestRunner.java:619)
	at org.testng.SuiteRunner.runTest(SuiteRunner.java:443)
	at org.testng.SuiteRunner.runSequentially(SuiteRunner.java:437)
	at org.testng.SuiteRunner.privateRun(SuiteRunner.java:397)
	at org.testng.SuiteRunner.run(SuiteRunner.java:336)
	at org.testng.SuiteRunnerWorker.runSuite(SuiteRunnerWorker.java:52)
	at org.testng.SuiteRunnerWorker.run(SuiteRunnerWorker.java:95)
	at org.testng.TestNG.runSuitesSequentially(TestNG.java:1301)
	at org.testng.TestNG.runSuitesLocally(TestNG.java:1228)
	at org.testng.TestNG.runSuites(TestNG.java:1134)
	at org.testng.TestNG.run(TestNG.java:1101)
	at org.testng.remote.AbstractRemoteTestNG.run(AbstractRemoteTestNG.java:115)
	at org.testng.remote.RemoteTestNG.initAndRun(RemoteTestNG.java:251)
	at org.testng.remote.RemoteTestNG.main(RemoteTestNG.java:77)
Caused by: java.io.IOException: Output closed
	at java.net.http/jdk.internal.net.http.websocket.MessageEncoder.encodeClose(MessageEncoder.java:330)
	at java.net.http/jdk.internal.net.http.websocket.TransportImpl$SendTask$1.onClose(TransportImpl.java:416)
	at java.net.http/jdk.internal.net.http.websocket.TransportImpl$SendTask$1.onClose(TransportImpl.java:361)
	at java.net.http/jdk.internal.net.http.websocket.MessageQueue.peek(MessageQueue.java:266)
	at java.net.http/jdk.internal.net.http.websocket.TransportImpl$SendTask.run(TransportImpl.java:549)
	at java.net.http/jdk.internal.net.http.common.SequentialScheduler$CompleteRestartableTask.run(SequentialScheduler.java:149)
	at java.net.http/jdk.internal.net.http.common.SequentialScheduler$TryEndDeferredCompleter.complete(SequentialScheduler.java:347)
	at java.net.http/jdk.internal.net.http.common.SequentialScheduler$CompleteRestartableTask.run(SequentialScheduler.java:151)
	at java.net.http/jdk.internal.net.http.common.SequentialScheduler$SchedulableTask.run(SequentialScheduler.java:230)
	at java.net.http/jdk.internal.net.http.common.SequentialScheduler.runOrSchedule(SequentialScheduler.java:303)
	at java.net.http/jdk.internal.net.http.common.SequentialScheduler.runOrSchedule(SequentialScheduler.java:256)
	at java.net.http/jdk.internal.net.http.websocket.TransportImpl.sendClose(TransportImpl.java:271)
	at java.net.http/jdk.internal.net.http.websocket.WebSocketImpl.sendClose0(WebSocketImpl.java:345)
	at java.net.http/jdk.internal.net.http.websocket.WebSocketImpl.sendCloseSilently(WebSocketImpl.java:660)
	at java.net.http/jdk.internal.net.http.websocket.WebSocketImpl$ReceiveTask.lambda$processClose$0(WebSocketImpl.java:549)
	at java.base/java.util.concurrent.CompletableFuture.uniWhenComplete(CompletableFuture.java:863)
	at java.base/java.util.concurrent.CompletableFuture.uniWhenCompleteStage(CompletableFuture.java:887)
	at java.base/java.util.concurrent.CompletableFuture.whenComplete(CompletableFuture.java:2325)
	at java.base/java.util.concurrent.CompletableFuture.whenComplete(CompletableFuture.java:144)
	at java.net.http/jdk.internal.net.http.websocket.WebSocketImpl$ReceiveTask.processClose(WebSocketImpl.java:544)
	at java.net.http/jdk.internal.net.http.websocket.WebSocketImpl$ReceiveTask.run(WebSocketImpl.java:459)
	at java.net.http/jdk.internal.net.http.common.SequentialScheduler$CompleteRestartableTask.run(SequentialScheduler.java:149)
	at java.net.http/jdk.internal.net.http.common.SequentialScheduler$SchedulableTask.run(SequentialScheduler.java:230)
	at java.base/java.util.concurrent.ThreadPoolExecutor.runWorker(ThreadPoolExecutor.java:1136)
	at java.base/java.util.concurrent.ThreadPoolExecutor$Worker.run(ThreadPoolExecutor.java:635)
	at java.base/java.lang.Thread.run(Thread.java:833)
</pre></div></td>
<td>0</td>
<td>com.tutorialninjas.qa.TestCases.LoginTest@f09733f</td></tr>
<tr>
<td title='com.tutorialninjas.qa.TestCases.LoginTest.verifyLoginWithValidCredentials()'><b>verifyLoginWithValidCredentials</b><br>Test class: com.tutorialninjas.qa.TestCases.LoginTest<br>Parameters: seleniumpanda3@gmail.com, Selenium@123</td>
<td><div><pre>org.openqa.selenium.WebDriverException: java.io.IOException: Output closed
Build info: version: &apos;4.16.1&apos;, revision: &apos;9b4c83354e&apos;
System info: os.name: &apos;Windows 11&apos;, os.arch: &apos;amd64&apos;, os.version: &apos;10.0&apos;, java.version: &apos;17.0.7&apos;
Driver info: driver.version: ChromiumDriver
	at org.openqa.selenium.remote.http.jdk.JdkHttpClient$5.send(JdkHttpClient.java:304)
	at org.openqa.selenium.remote.http.jdk.JdkHttpClient$5.close(JdkHttpClient.java:323)
	at org.openqa.selenium.devtools.Connection.close(Connection.java:224)
	at org.openqa.selenium.devtools.DevTools.close(DevTools.java:60)
	at java.base/java.util.Optional.ifPresent(Optional.java:178)
	at org.openqa.selenium.remote.RemoteWebDriver.quit(RemoteWebDriver.java:431)
	at org.openqa.selenium.chromium.ChromiumDriver.quit(ChromiumDriver.java:426)
	at com.tutorialninjas.qa.TestCases.LoginTest.tearDown(LoginTest.java:166)
	at java.base/jdk.internal.reflect.NativeMethodAccessorImpl.invoke0(Native Method)
	at java.base/jdk.internal.reflect.NativeMethodAccessorImpl.invoke(NativeMethodAccessorImpl.java:77)
	at java.base/jdk.internal.reflect.DelegatingMethodAccessorImpl.invoke(DelegatingMethodAccessorImpl.java:43)
	at java.base/java.lang.reflect.Method.invoke(Method.java:568)
	at org.testng.internal.invokers.MethodInvocationHelper.invokeMethod(MethodInvocationHelper.java:139)
	at org.testng.internal.invokers.MethodInvocationHelper.invokeMethodConsideringTimeout(MethodInvocationHelper.java:69)
	at org.testng.internal.invokers.ConfigInvoker.invokeConfigurationMethod(ConfigInvoker.java:393)
	at org.testng.internal.invokers.ConfigInvoker.invokeConfigurations(ConfigInvoker.java:326)
	at org.testng.internal.invokers.TestInvoker.runConfigMethods(TestInvoker.java:810)
	at org.testng.internal.invokers.TestInvoker.runAfterConfigurations(TestInvoker.java:779)
	at org.testng.internal.invokers.TestInvoker.invokeMethod(TestInvoker.java:755)
	at org.testng.internal.invokers.TestInvoker.invokeTestMethod(TestInvoker.java:228)
	at org.testng.internal.invokers.MethodRunner.runInSequence(MethodRunner.java:63)
	at org.testng.internal.invokers.TestInvoker$MethodInvocationAgent.invoke(TestInvoker.java:961)
	at org.testng.internal.invokers.TestInvoker.invokeTestMethods(TestInvoker.java:201)
	at org.testng.internal.invokers.TestMethodWorker.invokeTestMethods(TestMethodWorker.java:148)
	at org.testng.internal.invokers.TestMethodWorker.run(TestMethodWorker.java:128)
	at java.base/java.util.ArrayList.forEach(ArrayList.java:1511)
	at org.testng.TestRunner.privateRun(TestRunner.java:819)
	at org.testng.TestRunner.run(TestRunner.java:619)
	at org.testng.SuiteRunner.runTest(SuiteRunner.java:443)
	at org.testng.SuiteRunner.runSequentially(SuiteRunner.java:437)
	at org.testng.SuiteRunner.privateRun(SuiteRunner.java:397)
	at org.testng.SuiteRunner.run(SuiteRunner.java:336)
	at org.testng.SuiteRunnerWorker.runSuite(SuiteRunnerWorker.java:52)
	at org.testng.SuiteRunnerWorker.run(SuiteRunnerWorker.java:95)
	at org.testng.TestNG.runSuitesSequentially(TestNG.java:1301)
	at org.testng.TestNG.runSuitesLocally(TestNG.java:1228)
	at org.testng.TestNG.runSuites(TestNG.java:1134)
	at org.testng.TestNG.run(TestNG.java:1101)
	at org.testng.remote.AbstractRemoteTestNG.run(AbstractRemoteTestNG.java:115)
	at org.testng.remote.RemoteTestNG.initAndRun(RemoteTestNG.java:251)
	at org.testng.remote.RemoteTestNG.main(RemoteTestNG.java:77)
Caused by: java.io.IOException: Output closed
	at java.net.http/jdk.internal.net.http.websocket.MessageEncoder.encodeClose(MessageEncoder.java:330)
	at java.net.http/jdk.internal.net.http.websocket.TransportImpl$SendTask$1.onClose(TransportImpl.java:416)
	at java.net.http/jdk.internal.net.http.websocket.TransportImpl$SendTask$1.onClose(TransportImpl.java:361)
	at java.net.http/jdk.internal.net.http.websocket.MessageQueue.peek(MessageQueue.java:266)
	at java.net.http/jdk.internal.net.http.websocket.TransportImpl$SendTask.run(TransportImpl.java:549)
	at java.net.http/jdk.internal.net.http.common.SequentialScheduler$CompleteRestartableTask.run(SequentialScheduler.java:149)
	at java.net.http/jdk.internal.net.http.common.SequentialScheduler$TryEndDeferredCompleter.complete(SequentialScheduler.java:347)
	at java.net.http/jdk.internal.net.http.common.SequentialScheduler$CompleteRestartableTask.run(SequentialScheduler.java:151)
	at java.net.http/jdk.internal.net.http.common.SequentialScheduler$SchedulableTask.run(SequentialScheduler.java:230)
	at java.net.http/jdk.internal.net.http.common.SequentialScheduler.runOrSchedule(SequentialScheduler.java:303)
	at java.net.http/jdk.internal.net.http.common.SequentialScheduler.runOrSchedule(SequentialScheduler.java:256)
	at java.net.http/jdk.internal.net.http.websocket.TransportImpl.sendClose(TransportImpl.java:271)
	at java.net.http/jdk.internal.net.http.websocket.WebSocketImpl.sendClose0(WebSocketImpl.java:345)
	at java.net.http/jdk.internal.net.http.websocket.WebSocketImpl.sendCloseSilently(WebSocketImpl.java:660)
	at java.net.http/jdk.internal.net.http.websocket.WebSocketImpl$ReceiveTask.lambda$processClose$0(WebSocketImpl.java:549)
	at java.base/java.util.concurrent.CompletableFuture.uniWhenComplete(CompletableFuture.java:863)
	at java.base/java.util.concurrent.CompletableFuture.uniWhenCompleteStage(CompletableFuture.java:887)
	at java.base/java.util.concurrent.CompletableFuture.whenComplete(CompletableFuture.java:2325)
	at java.base/java.util.concurrent.CompletableFuture.whenComplete(CompletableFuture.java:144)
	at java.net.http/jdk.internal.net.http.websocket.WebSocketImpl$ReceiveTask.processClose(WebSocketImpl.java:544)
	at java.net.http/jdk.internal.net.http.websocket.WebSocketImpl$ReceiveTask.run(WebSocketImpl.java:459)
	at java.net.http/jdk.internal.net.http.common.SequentialScheduler$CompleteRestartableTask.run(SequentialScheduler.java:149)
	at java.net.http/jdk.internal.net.http.common.SequentialScheduler$SchedulableTask.run(SequentialScheduler.java:230)
	at java.base/java.util.concurrent.ThreadPoolExecutor.runWorker(ThreadPoolExecutor.java:1136)
	at java.base/java.util.concurrent.ThreadPoolExecutor$Worker.run(ThreadPoolExecutor.java:635)
	at java.base/java.lang.Thread.run(Thread.java:833)
</pre></div><a href='#' onClick='toggleBox("stack-trace551797833", this, "Click to show all stack frames", "Click to hide stack frames")'>Click to show all stack frames</a>
<div class='stack-trace' id='stack-trace551797833'><pre>org.openqa.selenium.WebDriverException: java.io.IOException: Output closed
Build info: version: &apos;4.16.1&apos;, revision: &apos;9b4c83354e&apos;
System info: os.name: &apos;Windows 11&apos;, os.arch: &apos;amd64&apos;, os.version: &apos;10.0&apos;, java.version: &apos;17.0.7&apos;
Driver info: driver.version: ChromiumDriver
	at org.openqa.selenium.remote.http.jdk.JdkHttpClient$5.send(JdkHttpClient.java:304)
	at org.openqa.selenium.remote.http.jdk.JdkHttpClient$5.close(JdkHttpClient.java:323)
	at org.openqa.selenium.devtools.Connection.close(Connection.java:224)
	at org.openqa.selenium.devtools.DevTools.close(DevTools.java:60)
	at java.base/java.util.Optional.ifPresent(Optional.java:178)
	at org.openqa.selenium.remote.RemoteWebDriver.quit(RemoteWebDriver.java:431)
	at org.openqa.selenium.chromium.ChromiumDriver.quit(ChromiumDriver.java:426)
	at com.tutorialninjas.qa.TestCases.LoginTest.tearDown(LoginTest.java:166)
	at java.base/jdk.internal.reflect.NativeMethodAccessorImpl.invoke0(Native Method)
	at java.base/jdk.internal.reflect.NativeMethodAccessorImpl.invoke(NativeMethodAccessorImpl.java:77)
	at java.base/jdk.internal.reflect.DelegatingMethodAccessorImpl.invoke(DelegatingMethodAccessorImpl.java:43)
	at java.base/java.lang.reflect.Method.invoke(Method.java:568)
	at org.testng.internal.invokers.MethodInvocationHelper.invokeMethod(MethodInvocationHelper.java:139)
	at org.testng.internal.invokers.MethodInvocationHelper.invokeMethodConsideringTimeout(MethodInvocationHelper.java:69)
	at org.testng.internal.invokers.ConfigInvoker.invokeConfigurationMethod(ConfigInvoker.java:393)
	at org.testng.internal.invokers.ConfigInvoker.invokeConfigurations(ConfigInvoker.java:326)
	at org.testng.internal.invokers.TestInvoker.runConfigMethods(TestInvoker.java:810)
	at org.testng.internal.invokers.TestInvoker.runAfterConfigurations(TestInvoker.java:779)
	at org.testng.internal.invokers.TestInvoker.invokeMethod(TestInvoker.java:755)
	at org.testng.internal.invokers.TestInvoker.invokeTestMethod(TestInvoker.java:228)
	at org.testng.internal.invokers.MethodRunner.runInSequence(MethodRunner.java:63)
	at org.testng.internal.invokers.TestInvoker$MethodInvocationAgent.invoke(TestInvoker.java:961)
	at org.testng.internal.invokers.TestInvoker.invokeTestMethods(TestInvoker.java:201)
	at org.testng.internal.invokers.TestMethodWorker.invokeTestMethods(TestMethodWorker.java:148)
	at org.testng.internal.invokers.TestMethodWorker.run(TestMethodWorker.java:128)
	at java.base/java.util.ArrayList.forEach(ArrayList.java:1511)
	at org.testng.TestRunner.privateRun(TestRunner.java:819)
	at org.testng.TestRunner.run(TestRunner.java:619)
	at org.testng.SuiteRunner.runTest(SuiteRunner.java:443)
	at org.testng.SuiteRunner.runSequentially(SuiteRunner.java:437)
	at org.testng.SuiteRunner.privateRun(SuiteRunner.java:397)
	at org.testng.SuiteRunner.run(SuiteRunner.java:336)
	at org.testng.SuiteRunnerWorker.runSuite(SuiteRunnerWorker.java:52)
	at org.testng.SuiteRunnerWorker.run(SuiteRunnerWorker.java:95)
	at org.testng.TestNG.runSuitesSequentially(TestNG.java:1301)
	at org.testng.TestNG.runSuitesLocally(TestNG.java:1228)
	at org.testng.TestNG.runSuites(TestNG.java:1134)
	at org.testng.TestNG.run(TestNG.java:1101)
	at org.testng.remote.AbstractRemoteTestNG.run(AbstractRemoteTestNG.java:115)
	at org.testng.remote.RemoteTestNG.initAndRun(RemoteTestNG.java:251)
	at org.testng.remote.RemoteTestNG.main(RemoteTestNG.java:77)
Caused by: java.io.IOException: Output closed
	at java.net.http/jdk.internal.net.http.websocket.MessageEncoder.encodeClose(MessageEncoder.java:330)
	at java.net.http/jdk.internal.net.http.websocket.TransportImpl$SendTask$1.onClose(TransportImpl.java:416)
	at java.net.http/jdk.internal.net.http.websocket.TransportImpl$SendTask$1.onClose(TransportImpl.java:361)
	at java.net.http/jdk.internal.net.http.websocket.MessageQueue.peek(MessageQueue.java:266)
	at java.net.http/jdk.internal.net.http.websocket.TransportImpl$SendTask.run(TransportImpl.java:549)
	at java.net.http/jdk.internal.net.http.common.SequentialScheduler$CompleteRestartableTask.run(SequentialScheduler.java:149)
	at java.net.http/jdk.internal.net.http.common.SequentialScheduler$TryEndDeferredCompleter.complete(SequentialScheduler.java:347)
	at java.net.http/jdk.internal.net.http.common.SequentialScheduler$CompleteRestartableTask.run(SequentialScheduler.java:151)
	at java.net.http/jdk.internal.net.http.common.SequentialScheduler$SchedulableTask.run(SequentialScheduler.java:230)
	at java.net.http/jdk.internal.net.http.common.SequentialScheduler.runOrSchedule(SequentialScheduler.java:303)
	at java.net.http/jdk.internal.net.http.common.SequentialScheduler.runOrSchedule(SequentialScheduler.java:256)
	at java.net.http/jdk.internal.net.http.websocket.TransportImpl.sendClose(TransportImpl.java:271)
	at java.net.http/jdk.internal.net.http.websocket.WebSocketImpl.sendClose0(WebSocketImpl.java:345)
	at java.net.http/jdk.internal.net.http.websocket.WebSocketImpl.sendCloseSilently(WebSocketImpl.java:660)
	at java.net.http/jdk.internal.net.http.websocket.WebSocketImpl$ReceiveTask.lambda$processClose$0(WebSocketImpl.java:549)
	at java.base/java.util.concurrent.CompletableFuture.uniWhenComplete(CompletableFuture.java:863)
	at java.base/java.util.concurrent.CompletableFuture.uniWhenCompleteStage(CompletableFuture.java:887)
	at java.base/java.util.concurrent.CompletableFuture.whenComplete(CompletableFuture.java:2325)
	at java.base/java.util.concurrent.CompletableFuture.whenComplete(CompletableFuture.java:144)
	at java.net.http/jdk.internal.net.http.websocket.WebSocketImpl$ReceiveTask.processClose(WebSocketImpl.java:544)
	at java.net.http/jdk.internal.net.http.websocket.WebSocketImpl$ReceiveTask.run(WebSocketImpl.java:459)
	at java.net.http/jdk.internal.net.http.common.SequentialScheduler$CompleteRestartableTask.run(SequentialScheduler.java:149)
	at java.net.http/jdk.internal.net.http.common.SequentialScheduler$SchedulableTask.run(SequentialScheduler.java:230)
	at java.base/java.util.concurrent.ThreadPoolExecutor.runWorker(ThreadPoolExecutor.java:1136)
	at java.base/java.util.concurrent.ThreadPoolExecutor$Worker.run(ThreadPoolExecutor.java:635)
	at java.base/java.lang.Thread.run(Thread.java:833)
</pre></div></td>
<td>0</td>
<td>com.tutorialninjas.qa.TestCases.LoginTest@f09733f</td></tr>
<tr>
<td title='com.tutorialninjas.qa.TestCases.LoginTest.verifyLoginWithValidCredentials()'><b>verifyLoginWithValidCredentials</b><br>Test class: com.tutorialninjas.qa.TestCases.LoginTest<br>Parameters: seleniumpanda1@gmail.com, Selenium@123</td>
<td><div><pre>org.openqa.selenium.WebDriverException: java.io.IOException: Output closed
Build info: version: &apos;4.16.1&apos;, revision: &apos;9b4c83354e&apos;
System info: os.name: &apos;Windows 11&apos;, os.arch: &apos;amd64&apos;, os.version: &apos;10.0&apos;, java.version: &apos;17.0.7&apos;
Driver info: driver.version: ChromiumDriver
	at org.openqa.selenium.remote.http.jdk.JdkHttpClient$5.send(JdkHttpClient.java:304)
	at org.openqa.selenium.remote.http.jdk.JdkHttpClient$5.close(JdkHttpClient.java:323)
	at org.openqa.selenium.devtools.Connection.close(Connection.java:224)
	at org.openqa.selenium.devtools.DevTools.close(DevTools.java:60)
	at java.base/java.util.Optional.ifPresent(Optional.java:178)
	at org.openqa.selenium.remote.RemoteWebDriver.quit(RemoteWebDriver.java:431)
	at org.openqa.selenium.chromium.ChromiumDriver.quit(ChromiumDriver.java:426)
	at com.tutorialninjas.qa.TestCases.LoginTest.tearDown(LoginTest.java:166)
	at java.base/jdk.internal.reflect.NativeMethodAccessorImpl.invoke0(Native Method)
	at java.base/jdk.internal.reflect.NativeMethodAccessorImpl.invoke(NativeMethodAccessorImpl.java:77)
	at java.base/jdk.internal.reflect.DelegatingMethodAccessorImpl.invoke(DelegatingMethodAccessorImpl.java:43)
	at java.base/java.lang.reflect.Method.invoke(Method.java:568)
	at org.testng.internal.invokers.MethodInvocationHelper.invokeMethod(MethodInvocationHelper.java:139)
	at org.testng.internal.invokers.MethodInvocationHelper.invokeMethodConsideringTimeout(MethodInvocationHelper.java:69)
	at org.testng.internal.invokers.ConfigInvoker.invokeConfigurationMethod(ConfigInvoker.java:393)
	at org.testng.internal.invokers.ConfigInvoker.invokeConfigurations(ConfigInvoker.java:326)
	at org.testng.internal.invokers.TestInvoker.runConfigMethods(TestInvoker.java:810)
	at org.testng.internal.invokers.TestInvoker.runAfterConfigurations(TestInvoker.java:779)
	at org.testng.internal.invokers.TestInvoker.invokeMethod(TestInvoker.java:755)
	at org.testng.internal.invokers.TestInvoker.invokeTestMethod(TestInvoker.java:228)
	at org.testng.internal.invokers.MethodRunner.runInSequence(MethodRunner.java:63)
	at org.testng.internal.invokers.TestInvoker$MethodInvocationAgent.invoke(TestInvoker.java:961)
	at org.testng.internal.invokers.TestInvoker.invokeTestMethods(TestInvoker.java:201)
	at org.testng.internal.invokers.TestMethodWorker.invokeTestMethods(TestMethodWorker.java:148)
	at org.testng.internal.invokers.TestMethodWorker.run(TestMethodWorker.java:128)
	at java.base/java.util.ArrayList.forEach(ArrayList.java:1511)
	at org.testng.TestRunner.privateRun(TestRunner.java:819)
	at org.testng.TestRunner.run(TestRunner.java:619)
	at org.testng.SuiteRunner.runTest(SuiteRunner.java:443)
	at org.testng.SuiteRunner.runSequentially(SuiteRunner.java:437)
	at org.testng.SuiteRunner.privateRun(SuiteRunner.java:397)
	at org.testng.SuiteRunner.run(SuiteRunner.java:336)
	at org.testng.SuiteRunnerWorker.runSuite(SuiteRunnerWorker.java:52)
	at org.testng.SuiteRunnerWorker.run(SuiteRunnerWorker.java:95)
	at org.testng.TestNG.runSuitesSequentially(TestNG.java:1301)
	at org.testng.TestNG.runSuitesLocally(TestNG.java:1228)
	at org.testng.TestNG.runSuites(TestNG.java:1134)
	at org.testng.TestNG.run(TestNG.java:1101)
	at org.testng.remote.AbstractRemoteTestNG.run(AbstractRemoteTestNG.java:115)
	at org.testng.remote.RemoteTestNG.initAndRun(RemoteTestNG.java:251)
	at org.testng.remote.RemoteTestNG.main(RemoteTestNG.java:77)
Caused by: java.io.IOException: Output closed
	at java.net.http/jdk.internal.net.http.websocket.MessageEncoder.encodeClose(MessageEncoder.java:330)
	at java.net.http/jdk.internal.net.http.websocket.TransportImpl$SendTask$1.onClose(TransportImpl.java:416)
	at java.net.http/jdk.internal.net.http.websocket.TransportImpl$SendTask$1.onClose(TransportImpl.java:361)
	at java.net.http/jdk.internal.net.http.websocket.MessageQueue.peek(MessageQueue.java:266)
	at java.net.http/jdk.internal.net.http.websocket.TransportImpl$SendTask.run(TransportImpl.java:549)
	at java.net.http/jdk.internal.net.http.common.SequentialScheduler$CompleteRestartableTask.run(SequentialScheduler.java:149)
	at java.net.http/jdk.internal.net.http.common.SequentialScheduler$TryEndDeferredCompleter.complete(SequentialScheduler.java:347)
	at java.net.http/jdk.internal.net.http.common.SequentialScheduler$CompleteRestartableTask.run(SequentialScheduler.java:151)
	at java.net.http/jdk.internal.net.http.common.SequentialScheduler$SchedulableTask.run(SequentialScheduler.java:230)
	at java.net.http/jdk.internal.net.http.common.SequentialScheduler.runOrSchedule(SequentialScheduler.java:303)
	at java.net.http/jdk.internal.net.http.common.SequentialScheduler.runOrSchedule(SequentialScheduler.java:256)
	at java.net.http/jdk.internal.net.http.websocket.TransportImpl.sendClose(TransportImpl.java:271)
	at java.net.http/jdk.internal.net.http.websocket.WebSocketImpl.sendClose0(WebSocketImpl.java:345)
	at java.net.http/jdk.internal.net.http.websocket.WebSocketImpl.sendCloseSilently(WebSocketImpl.java:660)
	at java.net.http/jdk.internal.net.http.websocket.WebSocketImpl$ReceiveTask.lambda$processClose$0(WebSocketImpl.java:549)
	at java.base/java.util.concurrent.CompletableFuture.uniWhenComplete(CompletableFuture.java:863)
	at java.base/java.util.concurrent.CompletableFuture.uniWhenCompleteStage(CompletableFuture.java:887)
	at java.base/java.util.concurrent.CompletableFuture.whenComplete(CompletableFuture.java:2325)
	at java.base/java.util.concurrent.CompletableFuture.whenComplete(CompletableFuture.java:144)
	at java.net.http/jdk.internal.net.http.websocket.WebSocketImpl$ReceiveTask.processClose(WebSocketImpl.java:544)
	at java.net.http/jdk.internal.net.http.websocket.WebSocketImpl$ReceiveTask.run(WebSocketImpl.java:459)
	at java.net.http/jdk.internal.net.http.common.SequentialScheduler$CompleteRestartableTask.run(SequentialScheduler.java:149)
	at java.net.http/jdk.internal.net.http.common.SequentialScheduler$SchedulableTask.run(SequentialScheduler.java:230)
	at java.base/java.util.concurrent.ThreadPoolExecutor.runWorker(ThreadPoolExecutor.java:1136)
	at java.base/java.util.concurrent.ThreadPoolExecutor$Worker.run(ThreadPoolExecutor.java:635)
	at java.base/java.lang.Thread.run(Thread.java:833)
</pre></div><a href='#' onClick='toggleBox("stack-trace1555413896", this, "Click to show all stack frames", "Click to hide stack frames")'>Click to show all stack frames</a>
<div class='stack-trace' id='stack-trace1555413896'><pre>org.openqa.selenium.WebDriverException: java.io.IOException: Output closed
Build info: version: &apos;4.16.1&apos;, revision: &apos;9b4c83354e&apos;
System info: os.name: &apos;Windows 11&apos;, os.arch: &apos;amd64&apos;, os.version: &apos;10.0&apos;, java.version: &apos;17.0.7&apos;
Driver info: driver.version: ChromiumDriver
	at org.openqa.selenium.remote.http.jdk.JdkHttpClient$5.send(JdkHttpClient.java:304)
	at org.openqa.selenium.remote.http.jdk.JdkHttpClient$5.close(JdkHttpClient.java:323)
	at org.openqa.selenium.devtools.Connection.close(Connection.java:224)
	at org.openqa.selenium.devtools.DevTools.close(DevTools.java:60)
	at java.base/java.util.Optional.ifPresent(Optional.java:178)
	at org.openqa.selenium.remote.RemoteWebDriver.quit(RemoteWebDriver.java:431)
	at org.openqa.selenium.chromium.ChromiumDriver.quit(ChromiumDriver.java:426)
	at com.tutorialninjas.qa.TestCases.LoginTest.tearDown(LoginTest.java:166)
	at java.base/jdk.internal.reflect.NativeMethodAccessorImpl.invoke0(Native Method)
	at java.base/jdk.internal.reflect.NativeMethodAccessorImpl.invoke(NativeMethodAccessorImpl.java:77)
	at java.base/jdk.internal.reflect.DelegatingMethodAccessorImpl.invoke(DelegatingMethodAccessorImpl.java:43)
	at java.base/java.lang.reflect.Method.invoke(Method.java:568)
	at org.testng.internal.invokers.MethodInvocationHelper.invokeMethod(MethodInvocationHelper.java:139)
	at org.testng.internal.invokers.MethodInvocationHelper.invokeMethodConsideringTimeout(MethodInvocationHelper.java:69)
	at org.testng.internal.invokers.ConfigInvoker.invokeConfigurationMethod(ConfigInvoker.java:393)
	at org.testng.internal.invokers.ConfigInvoker.invokeConfigurations(ConfigInvoker.java:326)
	at org.testng.internal.invokers.TestInvoker.runConfigMethods(TestInvoker.java:810)
	at org.testng.internal.invokers.TestInvoker.runAfterConfigurations(TestInvoker.java:779)
	at org.testng.internal.invokers.TestInvoker.invokeMethod(TestInvoker.java:755)
	at org.testng.internal.invokers.TestInvoker.invokeTestMethod(TestInvoker.java:228)
	at org.testng.internal.invokers.MethodRunner.runInSequence(MethodRunner.java:63)
	at org.testng.internal.invokers.TestInvoker$MethodInvocationAgent.invoke(TestInvoker.java:961)
	at org.testng.internal.invokers.TestInvoker.invokeTestMethods(TestInvoker.java:201)
	at org.testng.internal.invokers.TestMethodWorker.invokeTestMethods(TestMethodWorker.java:148)
	at org.testng.internal.invokers.TestMethodWorker.run(TestMethodWorker.java:128)
	at java.base/java.util.ArrayList.forEach(ArrayList.java:1511)
	at org.testng.TestRunner.privateRun(TestRunner.java:819)
	at org.testng.TestRunner.run(TestRunner.java:619)
	at org.testng.SuiteRunner.runTest(SuiteRunner.java:443)
	at org.testng.SuiteRunner.runSequentially(SuiteRunner.java:437)
	at org.testng.SuiteRunner.privateRun(SuiteRunner.java:397)
	at org.testng.SuiteRunner.run(SuiteRunner.java:336)
	at org.testng.SuiteRunnerWorker.runSuite(SuiteRunnerWorker.java:52)
	at org.testng.SuiteRunnerWorker.run(SuiteRunnerWorker.java:95)
	at org.testng.TestNG.runSuitesSequentially(TestNG.java:1301)
	at org.testng.TestNG.runSuitesLocally(TestNG.java:1228)
	at org.testng.TestNG.runSuites(TestNG.java:1134)
	at org.testng.TestNG.run(TestNG.java:1101)
	at org.testng.remote.AbstractRemoteTestNG.run(AbstractRemoteTestNG.java:115)
	at org.testng.remote.RemoteTestNG.initAndRun(RemoteTestNG.java:251)
	at org.testng.remote.RemoteTestNG.main(RemoteTestNG.java:77)
Caused by: java.io.IOException: Output closed
	at java.net.http/jdk.internal.net.http.websocket.MessageEncoder.encodeClose(MessageEncoder.java:330)
	at java.net.http/jdk.internal.net.http.websocket.TransportImpl$SendTask$1.onClose(TransportImpl.java:416)
	at java.net.http/jdk.internal.net.http.websocket.TransportImpl$SendTask$1.onClose(TransportImpl.java:361)
	at java.net.http/jdk.internal.net.http.websocket.MessageQueue.peek(MessageQueue.java:266)
	at java.net.http/jdk.internal.net.http.websocket.TransportImpl$SendTask.run(TransportImpl.java:549)
	at java.net.http/jdk.internal.net.http.common.SequentialScheduler$CompleteRestartableTask.run(SequentialScheduler.java:149)
	at java.net.http/jdk.internal.net.http.common.SequentialScheduler$TryEndDeferredCompleter.complete(SequentialScheduler.java:347)
	at java.net.http/jdk.internal.net.http.common.SequentialScheduler$CompleteRestartableTask.run(SequentialScheduler.java:151)
	at java.net.http/jdk.internal.net.http.common.SequentialScheduler$SchedulableTask.run(SequentialScheduler.java:230)
	at java.net.http/jdk.internal.net.http.common.SequentialScheduler.runOrSchedule(SequentialScheduler.java:303)
	at java.net.http/jdk.internal.net.http.common.SequentialScheduler.runOrSchedule(SequentialScheduler.java:256)
	at java.net.http/jdk.internal.net.http.websocket.TransportImpl.sendClose(TransportImpl.java:271)
	at java.net.http/jdk.internal.net.http.websocket.WebSocketImpl.sendClose0(WebSocketImpl.java:345)
	at java.net.http/jdk.internal.net.http.websocket.WebSocketImpl.sendCloseSilently(WebSocketImpl.java:660)
	at java.net.http/jdk.internal.net.http.websocket.WebSocketImpl$ReceiveTask.lambda$processClose$0(WebSocketImpl.java:549)
	at java.base/java.util.concurrent.CompletableFuture.uniWhenComplete(CompletableFuture.java:863)
	at java.base/java.util.concurrent.CompletableFuture.uniWhenCompleteStage(CompletableFuture.java:887)
	at java.base/java.util.concurrent.CompletableFuture.whenComplete(CompletableFuture.java:2325)
	at java.base/java.util.concurrent.CompletableFuture.whenComplete(CompletableFuture.java:144)
	at java.net.http/jdk.internal.net.http.websocket.WebSocketImpl$ReceiveTask.processClose(WebSocketImpl.java:544)
	at java.net.http/jdk.internal.net.http.websocket.WebSocketImpl$ReceiveTask.run(WebSocketImpl.java:459)
	at java.net.http/jdk.internal.net.http.common.SequentialScheduler$CompleteRestartableTask.run(SequentialScheduler.java:149)
	at java.net.http/jdk.internal.net.http.common.SequentialScheduler$SchedulableTask.run(SequentialScheduler.java:230)
	at java.base/java.util.concurrent.ThreadPoolExecutor.runWorker(ThreadPoolExecutor.java:1136)
	at java.base/java.util.concurrent.ThreadPoolExecutor$Worker.run(ThreadPoolExecutor.java:635)
	at java.base/java.lang.Thread.run(Thread.java:833)
</pre></div></td>
<td>0</td>
<td>com.tutorialninjas.qa.TestCases.LoginTest@f09733f</td></tr>
<tr>
<td title='com.tutorialninjas.qa.TestCases.LoginTest.verifyLoginWithValidCredentials()'><b>verifyLoginWithValidCredentials</b><br>Test class: com.tutorialninjas.qa.TestCases.LoginTest<br>Parameters: seleniumpanda5@gmail.com, Selenium@123</td>
<td><div><pre>org.openqa.selenium.WebDriverException: java.io.IOException: Output closed
Build info: version: &apos;4.16.1&apos;, revision: &apos;9b4c83354e&apos;
System info: os.name: &apos;Windows 11&apos;, os.arch: &apos;amd64&apos;, os.version: &apos;10.0&apos;, java.version: &apos;17.0.7&apos;
Driver info: driver.version: ChromiumDriver
	at org.openqa.selenium.remote.http.jdk.JdkHttpClient$5.send(JdkHttpClient.java:304)
	at org.openqa.selenium.remote.http.jdk.JdkHttpClient$5.close(JdkHttpClient.java:323)
	at org.openqa.selenium.devtools.Connection.close(Connection.java:224)
	at org.openqa.selenium.devtools.DevTools.close(DevTools.java:60)
	at java.base/java.util.Optional.ifPresent(Optional.java:178)
	at org.openqa.selenium.remote.RemoteWebDriver.quit(RemoteWebDriver.java:431)
	at org.openqa.selenium.chromium.ChromiumDriver.quit(ChromiumDriver.java:426)
	at com.tutorialninjas.qa.TestCases.LoginTest.tearDown(LoginTest.java:166)
	at java.base/jdk.internal.reflect.NativeMethodAccessorImpl.invoke0(Native Method)
	at java.base/jdk.internal.reflect.NativeMethodAccessorImpl.invoke(NativeMethodAccessorImpl.java:77)
	at java.base/jdk.internal.reflect.DelegatingMethodAccessorImpl.invoke(DelegatingMethodAccessorImpl.java:43)
	at java.base/java.lang.reflect.Method.invoke(Method.java:568)
	at org.testng.internal.invokers.MethodInvocationHelper.invokeMethod(MethodInvocationHelper.java:139)
	at org.testng.internal.invokers.MethodInvocationHelper.invokeMethodConsideringTimeout(MethodInvocationHelper.java:69)
	at org.testng.internal.invokers.ConfigInvoker.invokeConfigurationMethod(ConfigInvoker.java:393)
	at org.testng.internal.invokers.ConfigInvoker.invokeConfigurations(ConfigInvoker.java:326)
	at org.testng.internal.invokers.TestInvoker.runConfigMethods(TestInvoker.java:810)
	at org.testng.internal.invokers.TestInvoker.runAfterConfigurations(TestInvoker.java:779)
	at org.testng.internal.invokers.TestInvoker.invokeMethod(TestInvoker.java:755)
	at org.testng.internal.invokers.TestInvoker.invokeTestMethod(TestInvoker.java:228)
	at org.testng.internal.invokers.MethodRunner.runInSequence(MethodRunner.java:63)
	at org.testng.internal.invokers.TestInvoker$MethodInvocationAgent.invoke(TestInvoker.java:961)
	at org.testng.internal.invokers.TestInvoker.invokeTestMethods(TestInvoker.java:201)
	at org.testng.internal.invokers.TestMethodWorker.invokeTestMethods(TestMethodWorker.java:148)
	at org.testng.internal.invokers.TestMethodWorker.run(TestMethodWorker.java:128)
	at java.base/java.util.ArrayList.forEach(ArrayList.java:1511)
	at org.testng.TestRunner.privateRun(TestRunner.java:819)
	at org.testng.TestRunner.run(TestRunner.java:619)
	at org.testng.SuiteRunner.runTest(SuiteRunner.java:443)
	at org.testng.SuiteRunner.runSequentially(SuiteRunner.java:437)
	at org.testng.SuiteRunner.privateRun(SuiteRunner.java:397)
	at org.testng.SuiteRunner.run(SuiteRunner.java:336)
	at org.testng.SuiteRunnerWorker.runSuite(SuiteRunnerWorker.java:52)
	at org.testng.SuiteRunnerWorker.run(SuiteRunnerWorker.java:95)
	at org.testng.TestNG.runSuitesSequentially(TestNG.java:1301)
	at org.testng.TestNG.runSuitesLocally(TestNG.java:1228)
	at org.testng.TestNG.runSuites(TestNG.java:1134)
	at org.testng.TestNG.run(TestNG.java:1101)
	at org.testng.remote.AbstractRemoteTestNG.run(AbstractRemoteTestNG.java:115)
	at org.testng.remote.RemoteTestNG.initAndRun(RemoteTestNG.java:251)
	at org.testng.remote.RemoteTestNG.main(RemoteTestNG.java:77)
Caused by: java.io.IOException: Output closed
	at java.net.http/jdk.internal.net.http.websocket.MessageEncoder.encodeClose(MessageEncoder.java:330)
	at java.net.http/jdk.internal.net.http.websocket.TransportImpl$SendTask$1.onClose(TransportImpl.java:416)
	at java.net.http/jdk.internal.net.http.websocket.TransportImpl$SendTask$1.onClose(TransportImpl.java:361)
	at java.net.http/jdk.internal.net.http.websocket.MessageQueue.peek(MessageQueue.java:266)
	at java.net.http/jdk.internal.net.http.websocket.TransportImpl$SendTask.run(TransportImpl.java:549)
	at java.net.http/jdk.internal.net.http.common.SequentialScheduler$CompleteRestartableTask.run(SequentialScheduler.java:149)
	at java.net.http/jdk.internal.net.http.common.SequentialScheduler$TryEndDeferredCompleter.complete(SequentialScheduler.java:347)
	at java.net.http/jdk.internal.net.http.common.SequentialScheduler$CompleteRestartableTask.run(SequentialScheduler.java:151)
	at java.net.http/jdk.internal.net.http.common.SequentialScheduler$SchedulableTask.run(SequentialScheduler.java:230)
	at java.net.http/jdk.internal.net.http.common.SequentialScheduler.runOrSchedule(SequentialScheduler.java:303)
	at java.net.http/jdk.internal.net.http.common.SequentialScheduler.runOrSchedule(SequentialScheduler.java:256)
	at java.net.http/jdk.internal.net.http.websocket.TransportImpl.sendClose(TransportImpl.java:271)
	at java.net.http/jdk.internal.net.http.websocket.WebSocketImpl.sendClose0(WebSocketImpl.java:345)
	at java.net.http/jdk.internal.net.http.websocket.WebSocketImpl.sendCloseSilently(WebSocketImpl.java:660)
	at java.net.http/jdk.internal.net.http.websocket.WebSocketImpl$ReceiveTask.lambda$processClose$0(WebSocketImpl.java:549)
	at java.base/java.util.concurrent.CompletableFuture.uniWhenComplete(CompletableFuture.java:863)
	at java.base/java.util.concurrent.CompletableFuture.uniWhenCompleteStage(CompletableFuture.java:887)
	at java.base/java.util.concurrent.CompletableFuture.whenComplete(CompletableFuture.java:2325)
	at java.base/java.util.concurrent.CompletableFuture.whenComplete(CompletableFuture.java:144)
	at java.net.http/jdk.internal.net.http.websocket.WebSocketImpl$ReceiveTask.processClose(WebSocketImpl.java:544)
	at java.net.http/jdk.internal.net.http.websocket.WebSocketImpl$ReceiveTask.run(WebSocketImpl.java:459)
	at java.net.http/jdk.internal.net.http.common.SequentialScheduler$CompleteRestartableTask.run(SequentialScheduler.java:149)
	at java.net.http/jdk.internal.net.http.common.SequentialScheduler$SchedulableTask.run(SequentialScheduler.java:230)
	at java.base/java.util.concurrent.ThreadPoolExecutor.runWorker(ThreadPoolExecutor.java:1136)
	at java.base/java.util.concurrent.ThreadPoolExecutor$Worker.run(ThreadPoolExecutor.java:635)
	at java.base/java.lang.Thread.run(Thread.java:833)
</pre></div><a href='#' onClick='toggleBox("stack-trace74606989", this, "Click to show all stack frames", "Click to hide stack frames")'>Click to show all stack frames</a>
<div class='stack-trace' id='stack-trace74606989'><pre>org.openqa.selenium.WebDriverException: java.io.IOException: Output closed
Build info: version: &apos;4.16.1&apos;, revision: &apos;9b4c83354e&apos;
System info: os.name: &apos;Windows 11&apos;, os.arch: &apos;amd64&apos;, os.version: &apos;10.0&apos;, java.version: &apos;17.0.7&apos;
Driver info: driver.version: ChromiumDriver
	at org.openqa.selenium.remote.http.jdk.JdkHttpClient$5.send(JdkHttpClient.java:304)
	at org.openqa.selenium.remote.http.jdk.JdkHttpClient$5.close(JdkHttpClient.java:323)
	at org.openqa.selenium.devtools.Connection.close(Connection.java:224)
	at org.openqa.selenium.devtools.DevTools.close(DevTools.java:60)
	at java.base/java.util.Optional.ifPresent(Optional.java:178)
	at org.openqa.selenium.remote.RemoteWebDriver.quit(RemoteWebDriver.java:431)
	at org.openqa.selenium.chromium.ChromiumDriver.quit(ChromiumDriver.java:426)
	at com.tutorialninjas.qa.TestCases.LoginTest.tearDown(LoginTest.java:166)
	at java.base/jdk.internal.reflect.NativeMethodAccessorImpl.invoke0(Native Method)
	at java.base/jdk.internal.reflect.NativeMethodAccessorImpl.invoke(NativeMethodAccessorImpl.java:77)
	at java.base/jdk.internal.reflect.DelegatingMethodAccessorImpl.invoke(DelegatingMethodAccessorImpl.java:43)
	at java.base/java.lang.reflect.Method.invoke(Method.java:568)
	at org.testng.internal.invokers.MethodInvocationHelper.invokeMethod(MethodInvocationHelper.java:139)
	at org.testng.internal.invokers.MethodInvocationHelper.invokeMethodConsideringTimeout(MethodInvocationHelper.java:69)
	at org.testng.internal.invokers.ConfigInvoker.invokeConfigurationMethod(ConfigInvoker.java:393)
	at org.testng.internal.invokers.ConfigInvoker.invokeConfigurations(ConfigInvoker.java:326)
	at org.testng.internal.invokers.TestInvoker.runConfigMethods(TestInvoker.java:810)
	at org.testng.internal.invokers.TestInvoker.runAfterConfigurations(TestInvoker.java:779)
	at org.testng.internal.invokers.TestInvoker.invokeMethod(TestInvoker.java:755)
	at org.testng.internal.invokers.TestInvoker.invokeTestMethod(TestInvoker.java:228)
	at org.testng.internal.invokers.MethodRunner.runInSequence(MethodRunner.java:63)
	at org.testng.internal.invokers.TestInvoker$MethodInvocationAgent.invoke(TestInvoker.java:961)
	at org.testng.internal.invokers.TestInvoker.invokeTestMethods(TestInvoker.java:201)
	at org.testng.internal.invokers.TestMethodWorker.invokeTestMethods(TestMethodWorker.java:148)
	at org.testng.internal.invokers.TestMethodWorker.run(TestMethodWorker.java:128)
	at java.base/java.util.ArrayList.forEach(ArrayList.java:1511)
	at org.testng.TestRunner.privateRun(TestRunner.java:819)
	at org.testng.TestRunner.run(TestRunner.java:619)
	at org.testng.SuiteRunner.runTest(SuiteRunner.java:443)
	at org.testng.SuiteRunner.runSequentially(SuiteRunner.java:437)
	at org.testng.SuiteRunner.privateRun(SuiteRunner.java:397)
	at org.testng.SuiteRunner.run(SuiteRunner.java:336)
	at org.testng.SuiteRunnerWorker.runSuite(SuiteRunnerWorker.java:52)
	at org.testng.SuiteRunnerWorker.run(SuiteRunnerWorker.java:95)
	at org.testng.TestNG.runSuitesSequentially(TestNG.java:1301)
	at org.testng.TestNG.runSuitesLocally(TestNG.java:1228)
	at org.testng.TestNG.runSuites(TestNG.java:1134)
	at org.testng.TestNG.run(TestNG.java:1101)
	at org.testng.remote.AbstractRemoteTestNG.run(AbstractRemoteTestNG.java:115)
	at org.testng.remote.RemoteTestNG.initAndRun(RemoteTestNG.java:251)
	at org.testng.remote.RemoteTestNG.main(RemoteTestNG.java:77)
Caused by: java.io.IOException: Output closed
	at java.net.http/jdk.internal.net.http.websocket.MessageEncoder.encodeClose(MessageEncoder.java:330)
	at java.net.http/jdk.internal.net.http.websocket.TransportImpl$SendTask$1.onClose(TransportImpl.java:416)
	at java.net.http/jdk.internal.net.http.websocket.TransportImpl$SendTask$1.onClose(TransportImpl.java:361)
	at java.net.http/jdk.internal.net.http.websocket.MessageQueue.peek(MessageQueue.java:266)
	at java.net.http/jdk.internal.net.http.websocket.TransportImpl$SendTask.run(TransportImpl.java:549)
	at java.net.http/jdk.internal.net.http.common.SequentialScheduler$CompleteRestartableTask.run(SequentialScheduler.java:149)
	at java.net.http/jdk.internal.net.http.common.SequentialScheduler$TryEndDeferredCompleter.complete(SequentialScheduler.java:347)
	at java.net.http/jdk.internal.net.http.common.SequentialScheduler$CompleteRestartableTask.run(SequentialScheduler.java:151)
	at java.net.http/jdk.internal.net.http.common.SequentialScheduler$SchedulableTask.run(SequentialScheduler.java:230)
	at java.net.http/jdk.internal.net.http.common.SequentialScheduler.runOrSchedule(SequentialScheduler.java:303)
	at java.net.http/jdk.internal.net.http.common.SequentialScheduler.runOrSchedule(SequentialScheduler.java:256)
	at java.net.http/jdk.internal.net.http.websocket.TransportImpl.sendClose(TransportImpl.java:271)
	at java.net.http/jdk.internal.net.http.websocket.WebSocketImpl.sendClose0(WebSocketImpl.java:345)
	at java.net.http/jdk.internal.net.http.websocket.WebSocketImpl.sendCloseSilently(WebSocketImpl.java:660)
	at java.net.http/jdk.internal.net.http.websocket.WebSocketImpl$ReceiveTask.lambda$processClose$0(WebSocketImpl.java:549)
	at java.base/java.util.concurrent.CompletableFuture.uniWhenComplete(CompletableFuture.java:863)
	at java.base/java.util.concurrent.CompletableFuture.uniWhenCompleteStage(CompletableFuture.java:887)
	at java.base/java.util.concurrent.CompletableFuture.whenComplete(CompletableFuture.java:2325)
	at java.base/java.util.concurrent.CompletableFuture.whenComplete(CompletableFuture.java:144)
	at java.net.http/jdk.internal.net.http.websocket.WebSocketImpl$ReceiveTask.processClose(WebSocketImpl.java:544)
	at java.net.http/jdk.internal.net.http.websocket.WebSocketImpl$ReceiveTask.run(WebSocketImpl.java:459)
	at java.net.http/jdk.internal.net.http.common.SequentialScheduler$CompleteRestartableTask.run(SequentialScheduler.java:149)
	at java.net.http/jdk.internal.net.http.common.SequentialScheduler$SchedulableTask.run(SequentialScheduler.java:230)
	at java.base/java.util.concurrent.ThreadPoolExecutor.runWorker(ThreadPoolExecutor.java:1136)
	at java.base/java.util.concurrent.ThreadPoolExecutor$Worker.run(ThreadPoolExecutor.java:635)
	at java.base/java.lang.Thread.run(Thread.java:833)
</pre></div></td>
<td>0</td>
<td>com.tutorialninjas.qa.TestCases.LoginTest@f09733f</td></tr>
</table><p>
</body>
</html>